[1009/050227.540:WARNING:resource_bundle.cc(346)] locale_file_path.empty() for locale 
[1009/050227.544:ERROR:main_delegate.cc(710)] Could not load locale pak for en-US
[1009/050227.674:WARNING:resource_bundle.cc(564)] locale resources are not loaded
[1009/050227.768:WARNING:resource_bundle.cc(564)] locale resources are not loaded
[1009/050227.785:WARNING:resource_bundle.cc(564)] locale resources are not loaded
[1009/050227.785:WARNING:resource_bundle.cc(564)] locale resources are not loaded
[1009/050227.788:ERROR:browser_gpu_channel_host_factory.cc(119)] Failed to launch GPU process.
[1009/050227.789:WARNING:resource_bundle.cc(564)] locale resources are not loaded
[1009/050227.789:WARNING:resource_bundle.cc(564)] locale resources are not loaded
[1009/050227.790:WARNING:resource_bundle.cc(564)] locale resources are not loaded
[1009/050227.790:WARNING:resource_bundle.cc(564)] locale resources are not loaded
[1009/050227.790:WARNING:resource_bundle.cc(564)] locale resources are not loaded
[1009/050227.790:WARNING:resource_bundle.cc(564)] locale resources are not loaded
[1009/050227.791:WARNING:resource_bundle.cc(564)] locale resources are not loaded
[1009/050227.791:WARNING:resource_bundle.cc(564)] locale resources are not loaded
[1009/050227.791:WARNING:resource_bundle.cc(564)] locale resources are not loaded
[1009/050227.791:WARNING:resource_bundle.cc(564)] locale resources are not loaded
[1009/050227.791:WARNING:resource_bundle.cc(564)] locale resources are not loaded
[1009/050227.792:WARNING:resource_bundle.cc(564)] locale resources are not loaded
[1009/050227.792:WARNING:resource_bundle.cc(564)] locale resources are not loaded
[1009/050227.792:WARNING:resource_bundle.cc(564)] locale resources are not loaded
[1009/050227.792:WARNING:resource_bundle.cc(564)] locale resources are not loaded
[1009/050227.792:WARNING:resource_bundle.cc(564)] locale resources are not loaded
[1009/050227.793:WARNING:resource_bundle.cc(564)] locale resources are not loaded
[1009/050227.793:WARNING:resource_bundle.cc(564)] locale resources are not loaded
[1009/050227.793:WARNING:resource_bundle.cc(564)] locale resources are not loaded
[1009/050227.793:WARNING:resource_bundle.cc(564)] locale resources are not loaded
[1009/050227.793:WARNING:resource_bundle.cc(564)] locale resources are not loaded
[1009/050227.794:WARNING:resource_bundle.cc(564)] locale resources are not loaded
[1009/050227.794:WARNING:resource_bundle.cc(564)] locale resources are not loaded
[1009/050227.794:WARNING:resource_bundle.cc(564)] locale resources are not loaded
[1009/050227.794:WARNING:resource_bundle.cc(564)] locale resources are not loaded
[1009/050227.795:WARNING:resource_bundle.cc(564)] locale resources are not loaded
[1009/050227.795:WARNING:resource_bundle.cc(564)] locale resources are not loaded
[1009/050227.795:WARNING:resource_bundle.cc(564)] locale resources are not loaded
[1009/050227.795:WARNING:resource_bundle.cc(564)] locale resources are not loaded
[1009/050227.795:WARNING:resource_bundle.cc(564)] locale resources are not loaded
[1009/050227.796:WARNING:resource_bundle.cc(564)] locale resources are not loaded
[1009/050227.796:WARNING:resource_bundle.cc(564)] locale resources are not loaded
[1009/050227.796:WARNING:resource_bundle.cc(564)] locale resources are not loaded
[1009/050227.796:WARNING:resource_bundle.cc(564)] locale resources are not loaded
[1009/050227.796:WARNING:resource_bundle.cc(564)] locale resources are not loaded
[1009/050227.797:WARNING:resource_bundle.cc(564)] locale resources are not loaded
[1009/050227.797:WARNING:resource_bundle.cc(564)] locale resources are not loaded
[1009/050227.804:WARNING:resource_bundle.cc(564)] locale resources are not loaded
[1009/050227.804:WARNING:resource_bundle.cc(564)] locale resources are not loaded
[1009/050227.804:WARNING:resource_bundle.cc(564)] locale resources are not loaded
[1009/050227.804:WARNING:resource_bundle.cc(564)] locale resources are not loaded
[1009/050228.350:ERROR:browser_gpu_channel_host_factory.cc(119)] Failed to launch GPU process.
[1009/050228.380:ERROR:gpu_process_transport_factory.cc(1027)] Lost UI shared context.
[1009/050302.338:WARNING:resource_bundle.cc(346)] locale_file_path.empty() for locale 
[1009/050302.338:ERROR:main_delegate.cc(710)] Could not load locale pak for en-US
[1009/050302.388:WARNING:resource_bundle.cc(564)] locale resources are not loaded
[1009/050302.464:ERROR:browser_gpu_channel_host_factory.cc(119)] Failed to launch GPU process.
[1009/050302.589:WARNING:resource_bundle.cc(564)] locale resources are not loaded
[1009/050302.602:WARNING:resource_bundle.cc(564)] locale resources are not loaded
[1009/050302.604:WARNING:resource_bundle.cc(564)] locale resources are not loaded
[1009/050302.605:WARNING:resource_bundle.cc(564)] locale resources are not loaded
[1009/050302.605:WARNING:resource_bundle.cc(564)] locale resources are not loaded
[1009/050302.605:WARNING:resource_bundle.cc(564)] locale resources are not loaded
[1009/050302.605:WARNING:resource_bundle.cc(564)] locale resources are not loaded
[1009/050302.605:WARNING:resource_bundle.cc(564)] locale resources are not loaded
[1009/050302.606:WARNING:resource_bundle.cc(564)] locale resources are not loaded
[1009/050302.606:WARNING:resource_bundle.cc(564)] locale resources are not loaded
[1009/050302.606:WARNING:resource_bundle.cc(564)] locale resources are not loaded
[1009/050302.606:WARNING:resource_bundle.cc(564)] locale resources are not loaded
[1009/050302.607:WARNING:resource_bundle.cc(564)] locale resources are not loaded
[1009/050302.607:WARNING:resource_bundle.cc(564)] locale resources are not loaded
[1009/050302.607:WARNING:resource_bundle.cc(564)] locale resources are not loaded
[1009/050302.607:WARNING:resource_bundle.cc(564)] locale resources are not loaded
[1009/050302.607:WARNING:resource_bundle.cc(564)] locale resources are not loaded
[1009/050302.608:WARNING:resource_bundle.cc(564)] locale resources are not loaded
[1009/050302.608:WARNING:resource_bundle.cc(564)] locale resources are not loaded
[1009/050302.608:WARNING:resource_bundle.cc(564)] locale resources are not loaded
[1009/050302.608:WARNING:resource_bundle.cc(564)] locale resources are not loaded
[1009/050302.608:WARNING:resource_bundle.cc(564)] locale resources are not loaded
[1009/050302.609:WARNING:resource_bundle.cc(564)] locale resources are not loaded
[1009/050302.609:WARNING:resource_bundle.cc(564)] locale resources are not loaded
[1009/050302.609:WARNING:resource_bundle.cc(564)] locale resources are not loaded
[1009/050302.609:WARNING:resource_bundle.cc(564)] locale resources are not loaded
[1009/050302.609:WARNING:resource_bundle.cc(564)] locale resources are not loaded
[1009/050302.610:WARNING:resource_bundle.cc(564)] locale resources are not loaded
[1009/050302.610:WARNING:resource_bundle.cc(564)] locale resources are not loaded
[1009/050302.610:WARNING:resource_bundle.cc(564)] locale resources are not loaded
[1009/050302.610:WARNING:resource_bundle.cc(564)] locale resources are not loaded
[1009/050302.610:WARNING:resource_bundle.cc(564)] locale resources are not loaded
[1009/050302.611:WARNING:resource_bundle.cc(564)] locale resources are not loaded
[1009/050302.611:WARNING:resource_bundle.cc(564)] locale resources are not loaded
[1009/050302.611:WARNING:resource_bundle.cc(564)] locale resources are not loaded
[1009/050302.611:WARNING:resource_bundle.cc(564)] locale resources are not loaded
[1009/050302.611:WARNING:resource_bundle.cc(564)] locale resources are not loaded
[1009/050302.612:WARNING:resource_bundle.cc(564)] locale resources are not loaded
[1009/050302.612:WARNING:resource_bundle.cc(564)] locale resources are not loaded
[1009/050302.612:WARNING:resource_bundle.cc(564)] locale resources are not loaded
[1009/050302.619:WARNING:resource_bundle.cc(564)] locale resources are not loaded
[1009/050302.619:WARNING:resource_bundle.cc(564)] locale resources are not loaded
[1009/050302.619:WARNING:resource_bundle.cc(564)] locale resources are not loaded
[1009/050302.619:WARNING:resource_bundle.cc(564)] locale resources are not loaded
[1009/050303.300:ERROR:browser_gpu_channel_host_factory.cc(119)] Failed to launch GPU process.
[1009/050303.333:ERROR:gpu_process_transport_factory.cc(1027)] Lost UI shared context.
[1009/050303.695:ERROR:service_manager_context.cc(258)] Attempting to run unsupported native service: G:\english\Run\content_renderer.service.exe
[1009/050351.300:WARNING:resource_bundle.cc(346)] locale_file_path.empty() for locale 
[1009/050351.301:ERROR:main_delegate.cc(710)] Could not load locale pak for en-US
[1009/050351.362:WARNING:resource_bundle.cc(564)] locale resources are not loaded
[1009/050351.427:WARNING:resource_bundle.cc(564)] locale resources are not loaded
[1009/050351.428:WARNING:resource_bundle.cc(564)] locale resources are not loaded
[1009/050351.429:WARNING:resource_bundle.cc(564)] locale resources are not loaded
[1009/050351.429:WARNING:resource_bundle.cc(564)] locale resources are not loaded
[1009/050351.429:WARNING:resource_bundle.cc(564)] locale resources are not loaded
[1009/050351.429:WARNING:resource_bundle.cc(564)] locale resources are not loaded
[1009/050351.430:WARNING:resource_bundle.cc(564)] locale resources are not loaded
[1009/050351.430:WARNING:resource_bundle.cc(564)] locale resources are not loaded
[1009/050351.430:WARNING:resource_bundle.cc(564)] locale resources are not loaded
[1009/050351.430:WARNING:resource_bundle.cc(564)] locale resources are not loaded
[1009/050351.430:WARNING:resource_bundle.cc(564)] locale resources are not loaded
[1009/050351.431:WARNING:resource_bundle.cc(564)] locale resources are not loaded
[1009/050351.431:WARNING:resource_bundle.cc(564)] locale resources are not loaded
[1009/050351.431:WARNING:resource_bundle.cc(564)] locale resources are not loaded
[1009/050351.431:WARNING:resource_bundle.cc(564)] locale resources are not loaded
[1009/050351.431:WARNING:resource_bundle.cc(564)] locale resources are not loaded
[1009/050351.432:WARNING:resource_bundle.cc(564)] locale resources are not loaded
[1009/050351.432:WARNING:resource_bundle.cc(564)] locale resources are not loaded
[1009/050351.432:WARNING:resource_bundle.cc(564)] locale resources are not loaded
[1009/050351.432:WARNING:resource_bundle.cc(564)] locale resources are not loaded
[1009/050351.432:WARNING:resource_bundle.cc(564)] locale resources are not loaded
[1009/050351.433:WARNING:resource_bundle.cc(564)] locale resources are not loaded
[1009/050351.433:WARNING:resource_bundle.cc(564)] locale resources are not loaded
[1009/050351.433:WARNING:resource_bundle.cc(564)] locale resources are not loaded
[1009/050351.433:WARNING:resource_bundle.cc(564)] locale resources are not loaded
[1009/050351.433:WARNING:resource_bundle.cc(564)] locale resources are not loaded
[1009/050351.434:WARNING:resource_bundle.cc(564)] locale resources are not loaded
[1009/050351.434:WARNING:resource_bundle.cc(564)] locale resources are not loaded
[1009/050351.434:WARNING:resource_bundle.cc(564)] locale resources are not loaded
[1009/050351.434:WARNING:resource_bundle.cc(564)] locale resources are not loaded
[1009/050351.434:WARNING:resource_bundle.cc(564)] locale resources are not loaded
[1009/050351.435:WARNING:resource_bundle.cc(564)] locale resources are not loaded
[1009/050351.435:WARNING:resource_bundle.cc(564)] locale resources are not loaded
[1009/050351.435:WARNING:resource_bundle.cc(564)] locale resources are not loaded
[1009/050351.435:WARNING:resource_bundle.cc(564)] locale resources are not loaded
[1009/050351.435:WARNING:resource_bundle.cc(564)] locale resources are not loaded
[1009/050351.436:WARNING:resource_bundle.cc(564)] locale resources are not loaded
[1009/050351.436:WARNING:resource_bundle.cc(564)] locale resources are not loaded
[1009/050351.436:WARNING:resource_bundle.cc(564)] locale resources are not loaded
[1009/050351.436:WARNING:resource_bundle.cc(564)] locale resources are not loaded
[1009/050351.443:WARNING:resource_bundle.cc(564)] locale resources are not loaded
[1009/050351.443:WARNING:resource_bundle.cc(564)] locale resources are not loaded
[1009/050351.443:WARNING:resource_bundle.cc(564)] locale resources are not loaded
[1009/050351.443:WARNING:resource_bundle.cc(564)] locale resources are not loaded
[1009/050351.480:ERROR:browser_gpu_channel_host_factory.cc(119)] Failed to launch GPU process.
[1009/050352.047:ERROR:browser_gpu_channel_host_factory.cc(119)] Failed to launch GPU process.
[1009/050352.073:ERROR:gpu_process_transport_factory.cc(1027)] Lost UI shared context.
[1009/050352.710:ERROR:service_manager_context.cc(258)] Attempting to run unsupported native service: G:\english\Run\content_renderer.service.exe
