[0925/134447:INFO:CONSOLE(0)] "console log message text," source: (1)
[0925/155146:INFO:CONSOLE(0)] "Uncaught ReferenceError: dialogArguments is not defined," source: test://test/modaldialog.html(19)
[0925/155158:INFO:CONSOLE(0)] "Uncaught ReferenceError: dialogArguments is not defined," source: test://test/modaldialog.html(19)
[0925/155419:INFO:CONSOLE(0)] "Uncaught ReferenceError: dialogArguments is not defined," source: test://test/modaldialog.html(19)
[0925/160403:INFO:CONSOLE(0)] "Uncaught Error: NETWORK_ERR: XMLHttpRequest Exception 101," source: test://test/xmlhttprequest.html(8)
[0925/160442:INFO:CONSOLE(0)] "Uncaught ReferenceError: cef is not defined," source: test://test/uiplugin.html(42)
[0925/160444:INFO:CONSOLE(0)] "Uncaught ReferenceError: cef is not defined," source: test://test/uiplugin.html(43)
[0925/160510:INFO:CONSOLE(0)] "console log message text," source: (1)
[0925/160550:INFO:CONSOLE(0)] "console log message text," source: (1)
[0925/161308:INFO:CONSOLE(0)] "Tue Sep 25 2018 16:12:58 GMT+0700 (SE Asia Standard Time)," source: test://test/modalmain.html(21)
[0925/161515:INFO:CONSOLE(0)] "Uncaught SyntaxError: Unexpected identifier," source: http://localhost/homeui/js/lib/via.receiver.js(22)
[0925/161515:INFO:CONSOLE(0)] "Uncaught SyntaxError: Unexpected identifier," source: http://localhost/homeui/js/hui.kit.js(300)
[0925/161516:INFO:CONSOLE(0)] "Uncaught SyntaxError: Unexpected identifier," source: http://localhost/autotest/run.js(3)
[0925/161517:INFO:CONSOLE(0)] "state in:Start," source: http://localhost/js/interface/MFP_Interface.js(12608)
[0925/161517:INFO:CONSOLE(0)] "state in:ScreenHomeUI," source: http://localhost/js/interface/MFP_Interface.js(12608)
[0925/161518:INFO:CONSOLE(0)] "jQuery.Deferred exception: f_hui_loadResourceInit is not defined," source: http://localhost/js/lib/jquery-3.2.1.min.js(2)
[0925/161518:INFO:CONSOLE(0)] "Uncaught ReferenceError: f_hui_loadResourceInit is not defined," source: http://localhost/js/lib/jquery-3.2.1.min.js(2)
[0925/161555:INFO:CONSOLE(0)] "Uncaught Error: INVALID_STATE_ERR: DOM Exception 11," source: http://media1.admicro.vn/core/admcore.js(868)
[0925/162050:INFO:CONSOLE(0)] "Uncaught TypeError: Illegal constructor," source: https://stc.za.zaloapp.com/v3/za.js?17799(1)
[0925/162052:INFO:CONSOLE(0)] "Uncaught SyntaxError: Unexpected identifier," source: https://sp.zalo.me/plugins/sdk.js(18)
[0925/162108:INFO:CONSOLE(0)] "Unsafe JavaScript attempt to access frame with URL https://news.zing.vn/ from frame with URL https://staticxx.facebook.com/connect/xd_arbiter/r/mp2v3DK3INU.js?version=42#channel=f2ceea514&origin=https%3A%2F%2Fmp3.zing.vn. Domains, protocols and ports must match.
," source: (1)
[0925/162642:INFO:CONSOLE(0)] "loadIm3Script," source: https://s.vnecdn.net/vnexpress/restruct/j/v149/v2/helper/embed.js(48)
[0925/162643:INFO:CONSOLE(0)] "video init," source: https://s.vnecdn.net/vnexpress/restruct/j/v149/v2/helper/embed.js(51)
[0925/162643:INFO:CONSOLE(0)] "fplayer init," source: https://s.vnecdn.net/vnexpress/restruct/j/v149/v2/helper/embed.js(12)
[0925/162645:INFO:CONSOLE(0)] "Uncaught TypeError: Cannot set property 'className' of null," source: https://vnexpress.net/(2)
[0925/162704:INFO:CONSOLE(0)] "loadIm3Script," source: https://s.vnecdn.net/vnexpress/restruct/j/v149/v2/helper/embed.js(48)
[0925/162704:INFO:CONSOLE(0)] "video init," source: https://s.vnecdn.net/vnexpress/restruct/j/v149/v2/helper/embed.js(51)
[0925/162705:INFO:CONSOLE(0)] "fplayer init," source: https://s.vnecdn.net/vnexpress/restruct/j/v149/v2/helper/embed.js(12)
[0925/162705:INFO:CONSOLE(0)] "Uncaught TypeError: Cannot set property 'className' of null," source: https://vnexpress.net/(2)
[0925/162706:INFO:CONSOLE(0)] "1111," source: https://s.vnecdn.net/vnexpress/restruct/j/v149/v2/helper/general.js(1)
[0925/162706:INFO:CONSOLE(0)] "null," source: https://s.vnecdn.net/vnexpress/restruct/j/v149/v2/helper/thirdparty/thirdparty.js(1)
[0925/162706:INFO:CONSOLE(0)] "fplayer init," source: https://s.vnecdn.net/vnexpress/restruct/j/v149/v2/helper/embed.js(12)
[0925/162723:INFO:CONSOLE(0)] "loadIm3Script," source: https://s.vnecdn.net/vnexpress/restruct/j/v149/v2/helper/embed.js(48)
[0925/162723:INFO:CONSOLE(0)] "video init," source: https://s.vnecdn.net/vnexpress/restruct/j/v149/v2/helper/embed.js(51)
[0925/162723:INFO:CONSOLE(0)] "fplayer init," source: https://s.vnecdn.net/vnexpress/restruct/j/v149/v2/helper/embed.js(12)
[0925/162723:INFO:CONSOLE(0)] "Uncaught TypeError: Cannot set property 'className' of null," source: https://vnexpress.net/(2)
[0925/162724:INFO:CONSOLE(0)] "1111," source: https://s.vnecdn.net/vnexpress/restruct/j/v149/v2/helper/general.js(1)
[0925/162724:INFO:CONSOLE(0)] "null," source: https://s.vnecdn.net/vnexpress/restruct/j/v149/v2/helper/thirdparty/thirdparty.js(1)
[0925/162725:INFO:CONSOLE(0)] "fplayer init," source: https://s.vnecdn.net/vnexpress/restruct/j/v149/v2/helper/embed.js(12)
[0925/162734:INFO:CONSOLE(0)] "1111," source: https://s.vnecdn.net/vnexpress/restruct/j/v149/v2/helper/general.js(1)
[0925/162741:INFO:CONSOLE(0)] "1111," source: https://s.vnecdn.net/vnexpress/restruct/j/v149/v2/helper/general.js(1)
[0925/163323:INFO:CONSOLE(0)] "Uncaught SyntaxError: Unexpected token :," source: about:blank(1)
[0925/163445:INFO:CONSOLE(0)] "Uncaught SyntaxError: Unexpected token :," source: about:blank(0)
[0925/163519:INFO:CONSOLE(0)] "Uncaught SyntaxError: Unexpected token ;," source: about:blank(0)
[0925/163703:INFO:CONSOLE(0)] "Uncaught SyntaxError: Illegal return statement," source: (1)
[0925/163717:INFO:CONSOLE(0)] "Uncaught SyntaxError: Illegal return statement," source: (1)
[0925/163720:INFO:CONSOLE(0)] "Tue Sep 25 2018 16:37:20 GMT+0700 (SE Asia Standard Time)," source: test://test/modalmain.html(21)
[0925/163721:INFO:CONSOLE(0)] "Uncaught ReferenceError: dialogArguments is not defined," source: test://test/modaldialog.html(19)
[0925/164046:INFO:CONSOLE(0)] "Uncaught ReferenceError: dialogArguments is not defined," source: test://test/modaldialog.html(19)
[0925/164106:INFO:CONSOLE(0)] "Uncaught ReferenceError: dialogArguments is not defined," source: test://test/modaldialog.html(19)
[0925/164109:INFO:CONSOLE(0)] "Uncaught ReferenceError: dialogArguments is not defined," source: test://test/modaldialog.html(19)
[0925/164110:INFO:CONSOLE(0)] "Uncaught ReferenceError: dialogArguments is not defined," source: test://test/modaldialog.html(19)
[0925/164128:INFO:CONSOLE(0)] "Uncaught SyntaxError: Illegal return statement," source: (1)
[0925/164321:INFO:CONSOLE(0)] "Uncaught ReferenceError: cef is not defined," source: test://test/extensionperf.html(43)
[0925/164346:INFO:CONSOLE(0)] "Uncaught ReferenceError: dialogArguments is not defined," source: test://test/modaldialog.html(19)
[0925/164446:INFO:CONSOLE(0)] "Uncaught ReferenceError: dialogArguments is not defined," source: test://test/modaldialog.html(19)
[0925/164524:INFO:CONSOLE(0)] "loadIm3Script," source: https://s.vnecdn.net/vnexpress/restruct/j/v149/v2/helper/embed.js(48)
[0925/164525:INFO:CONSOLE(0)] "video init," source: https://s.vnecdn.net/vnexpress/restruct/j/v149/v2/helper/embed.js(51)
[0925/164525:INFO:CONSOLE(0)] "Uncaught TypeError: Cannot set property 'className' of null," source: https://vnexpress.net/(2)
[0925/164525:INFO:CONSOLE(0)] "fplayer init," source: https://s.vnecdn.net/vnexpress/restruct/j/v149/v2/helper/embed.js(12)
[0925/164526:INFO:CONSOLE(0)] "1111," source: https://s.vnecdn.net/vnexpress/restruct/j/v149/v2/helper/general.js(1)
[0925/164526:INFO:CONSOLE(0)] "null," source: https://s.vnecdn.net/vnexpress/restruct/j/v149/v2/helper/thirdparty/thirdparty.js(1)
[0925/164526:INFO:CONSOLE(0)] "fplayer init," source: https://s.vnecdn.net/vnexpress/restruct/j/v149/v2/helper/embed.js(12)
[0925/164527:INFO:CONSOLE(0)] "receiveMessage," source: https://s.eclick.vn/delivery/asset/307570589/ads_impl.js(133)
[0925/164527:INFO:CONSOLE(0)] "receiveMessage," source: https://s.eclick.vn/delivery/asset/307570589/ads_impl.js(133)
[0925/164527:INFO:CONSOLE(0)] "receiveMessage," source: https://s.eclick.vn/delivery/asset/307570589/ads_impl.js(133)
[0925/164527:INFO:CONSOLE(0)] "receiveMessage," source: https://s.eclick.vn/delivery/asset/307570589/ads_impl.js(133)
[0925/164533:INFO:CONSOLE(0)] "1111," source: https://s.vnecdn.net/vnexpress/restruct/j/v149/v2/helper/general.js(1)
[0925/164540:INFO:CONSOLE(0)] "1111," source: https://s.vnecdn.net/vnexpress/restruct/j/v149/v2/helper/general.js(1)
[0925/174647:INFO:CONSOLE(0)] "Unable to post message to https://secure.example.net. Recipient has origin test://test.
," source: (0)
[0925/174647:INFO:CONSOLE(0)] "Uncaught ReferenceError: dialogArguments is not defined," source: test://test/modaldialog.html(57)
[0925/175107:INFO:CONSOLE(0)] "Uncaught ReferenceError: dialogArguments is not defined," source: test://test/modaldialog.html(65)
[0925/175117:INFO:CONSOLE(0)] "Unable to post message to https://secure.example.net. Recipient has origin test://test.
," source: (0)
[0925/175123:INFO:CONSOLE(0)] "Uncaught TypeError: Cannot call method 'postMessage' of undefined," source: test://test/modaldialog.html(21)
[0925/175124:INFO:CONSOLE(0)] "Uncaught TypeError: Cannot call method 'postMessage' of undefined," source: test://test/modaldialog.html(21)
[0925/175124:INFO:CONSOLE(0)] "Uncaught TypeError: Cannot call method 'postMessage' of undefined," source: test://test/modaldialog.html(21)
[0925/175125:INFO:CONSOLE(0)] "Uncaught TypeError: Cannot call method 'postMessage' of undefined," source: test://test/modaldialog.html(21)
[0925/175125:INFO:CONSOLE(0)] "Uncaught TypeError: Cannot call method 'postMessage' of undefined," source: test://test/modaldialog.html(21)
[0925/175125:INFO:CONSOLE(0)] "Uncaught TypeError: Cannot call method 'postMessage' of undefined," source: test://test/modaldialog.html(21)
[0925/175126:INFO:CONSOLE(0)] "Unable to post message to https://secure.example.net. Recipient has origin test://test.
," source: (0)
[0925/175127:INFO:CONSOLE(0)] "Uncaught TypeError: Cannot call method 'postMessage' of undefined," source: test://test/modaldialog.html(21)
[0925/175233:INFO:CONSOLE(0)] "Uncaught TypeError: Cannot call method 'postMessage' of undefined," source: test://test/modaldialog.html(21)
[0925/175234:INFO:CONSOLE(0)] "Uncaught TypeError: Cannot call method 'postMessage' of undefined," source: test://test/modaldialog.html(21)
[0925/175234:INFO:CONSOLE(0)] "Uncaught TypeError: Cannot call method 'postMessage' of undefined," source: test://test/modaldialog.html(21)
[0925/175234:INFO:CONSOLE(0)] "Uncaught TypeError: Cannot call method 'postMessage' of undefined," source: test://test/modaldialog.html(21)
[0925/175236:INFO:CONSOLE(0)] "Unable to post message to https://secure.example.net. Recipient has origin test://test.
," source: (0)
[0925/175236:INFO:CONSOLE(0)] "Unable to post message to https://secure.example.net. Recipient has origin test://test.
," source: (0)
[0925/175236:INFO:CONSOLE(0)] "Unable to post message to https://secure.example.net. Recipient has origin test://test.
," source: (0)
[0925/175236:INFO:CONSOLE(0)] "Unable to post message to https://secure.example.net. Recipient has origin test://test.
," source: (0)
[0925/175236:INFO:CONSOLE(0)] "Unable to post message to https://secure.example.net. Recipient has origin test://test.
," source: (0)
[0925/175237:INFO:CONSOLE(0)] "Unable to post message to https://secure.example.net. Recipient has origin test://test.
," source: (0)
[0925/175533:INFO:CONSOLE(0)] "Unable to post message to https://secure.example.net. Recipient has origin test://test.
," source: (0)
[0925/175534:INFO:CONSOLE(0)] "Unable to post message to https://secure.example.net. Recipient has origin test://test.
," source: (0)
[0925/175619:INFO:CONSOLE(0)] "POPUP: 11111," source: test://test/modaldialog.html(49)
[0925/175619:INFO:CONSOLE(0)] "MAIN: hi there yourself!  the secret response is: rheeeeet!," source: test://test/modalmain.html(38)
[0925/180836:INFO:CONSOLE(0)] "Uncaught Argument mismatch for method "windowOpen".," source: test://test/modalmain.html(8)
[0925/181019:INFO:CONSOLE(0)] "Uncaught Cross-thread operation not valid: Control '' accessed from a thread other than the thread it was created on.," source: test://test/modalmain.html(8)
[0925/181043:INFO:CONSOLE(0)] "Uncaught Cross-thread operation not valid: Control '' accessed from a thread other than the thread it was created on.," source: test://test/modalmain.html(8)
[0925/181220:INFO:CONSOLE(0)] "Uncaught Invoke or BeginInvoke cannot be called on a control until the window handle has been created.," source: test://test/modalmain.html(8)
[0925/181258:INFO:CONSOLE(0)] "Uncaught TypeError: Cannot call method 'postMessage' of undefined," source: test://test/modalmain.html(30)
[0925/182331:INFO:CONSOLE(0)] "MAIN:1111," source: test://test/modalmain.html(30)
[0925/182350:INFO:CONSOLE(0)] "POPUP:22222," source: test://test/modaldialog.html(20)
[0925/182517:INFO:CONSOLE(0)] "MAIN:11111," source: test://test/modalmain.html(30)
[0925/182525:INFO:CONSOLE(0)] "MAIN:1312312312," source: test://test/modalmain.html(30)
[0925/182533:INFO:CONSOLE(0)] "MAIN:12313123," source: test://test/modalmain.html(30)
[0925/182549:INFO:CONSOLE(0)] "POPUP:qweqweqwe," source: test://test/modaldialog.html(20)
[0925/182607:INFO:CONSOLE(0)] "POPUP:1111111111111111," source: test://test/modaldialog.html(20)
[0925/182607:INFO:CONSOLE(0)] "MAIN:1111111111111111," source: test://test/modalmain.html(30)
[0925/182611:INFO:CONSOLE(0)] "POPUP:2222222222222222222," source: test://test/modaldialog.html(20)
[0925/182611:INFO:CONSOLE(0)] "MAIN:2222222222222222222," source: test://test/modalmain.html(30)
[0925/183129:INFO:CONSOLE(0)] "POPUP: 111," source: test://test/modaldialog.html(57)
[0925/183130:INFO:CONSOLE(0)] "POPUP: 111," source: test://test/modaldialog.html(57)
[0925/183131:INFO:CONSOLE(0)] "POPUP: 111," source: test://test/modaldialog.html(57)
[0925/183131:INFO:CONSOLE(0)] "POPUP: 111," source: test://test/modaldialog.html(57)
[0925/183131:INFO:CONSOLE(0)] "POPUP: 111," source: test://test/modaldialog.html(57)
[0925/183131:INFO:CONSOLE(0)] "POPUP: 111," source: test://test/modaldialog.html(57)
[0925/183131:INFO:CONSOLE(0)] "POPUP: 111," source: test://test/modaldialog.html(57)
[0925/183135:INFO:CONSOLE(0)] "MAIN: 111," source: test://test/modalmain.html(50)
[0925/183135:INFO:CONSOLE(0)] "MAIN: 111," source: test://test/modalmain.html(50)
[0925/183135:INFO:CONSOLE(0)] "MAIN: 111," source: test://test/modalmain.html(50)
[0925/183137:INFO:CONSOLE(0)] "MAIN: 111," source: test://test/modalmain.html(50)
