[0925/215531:INFO:CONSOLE(0)] "Uncaught TypeError: Cannot set property 'className' of null," source: https://vnexpress.net/(2)
[0925/215539:INFO:CONSOLE(0)] "loadIm3Script," source: https://s.vnecdn.net/vnexpress/restruct/j/v150/v2/helper/embed.js(48)
[0925/215539:INFO:CONSOLE(0)] "video init," source: https://s.vnecdn.net/vnexpress/restruct/j/v150/v2/helper/embed.js(51)
[0925/215540:INFO:CONSOLE(0)] "fplayer init," source: https://s.vnecdn.net/vnexpress/restruct/j/v150/v2/helper/embed.js(12)
[0925/215547:INFO:CONSOLE(0)] "1111," source: https://s.vnecdn.net/vnexpress/restruct/j/v150/v2/helper/general.js(1)
[0925/215547:INFO:CONSOLE(0)] "null," source: https://s.vnecdn.net/vnexpress/restruct/j/v150/v2/helper/thirdparty/thirdparty.js(1)
[0925/215555:INFO:CONSOLE(0)] "1111," source: https://s.vnecdn.net/vnexpress/restruct/j/v150/v2/helper/general.js(1)
[0925/215602:INFO:CONSOLE(0)] "1111," source: https://s.vnecdn.net/vnexpress/restruct/j/v150/v2/helper/general.js(1)
[0925/215910:INFO:CONSOLE(0)] "Uncaught TypeError: Cannot set property 'className' of null," source: https://vnexpress.net/(2)
[0925/215918:INFO:CONSOLE(0)] "loadIm3Script," source: https://s.vnecdn.net/vnexpress/restruct/j/v150/v2/helper/embed.js(48)
[0925/215918:INFO:CONSOLE(0)] "video init," source: https://s.vnecdn.net/vnexpress/restruct/j/v150/v2/helper/embed.js(51)
[0925/215919:INFO:CONSOLE(0)] "fplayer init," source: https://s.vnecdn.net/vnexpress/restruct/j/v150/v2/helper/embed.js(12)
[0925/215926:INFO:CONSOLE(0)] "1111," source: https://s.vnecdn.net/vnexpress/restruct/j/v150/v2/helper/general.js(1)
[0925/215926:INFO:CONSOLE(0)] "null," source: https://s.vnecdn.net/vnexpress/restruct/j/v150/v2/helper/thirdparty/thirdparty.js(1)
[0925/215938:INFO:CONSOLE(0)] "1111," source: https://s.vnecdn.net/vnexpress/restruct/j/v150/v2/helper/general.js(1)
[0925/215946:INFO:CONSOLE(0)] "1111," source: https://s.vnecdn.net/vnexpress/restruct/j/v150/v2/helper/general.js(1)
[0925/220014:INFO:CONSOLE(0)] "Uncaught TypeError: Cannot set property 'className' of null," source: https://vnexpress.net/(2)
[0925/220122:INFO:CONSOLE(0)] "Uncaught TypeError: Cannot set property 'className' of null," source: https://vnexpress.net/(2)
[0925/220131:INFO:CONSOLE(0)] "loadIm3Script," source: https://s.vnecdn.net/vnexpress/restruct/j/v150/v2/helper/embed.js(48)
[0925/220132:INFO:CONSOLE(0)] "video init," source: https://s.vnecdn.net/vnexpress/restruct/j/v150/v2/helper/embed.js(51)
[0925/220133:INFO:CONSOLE(0)] "fplayer init," source: https://s.vnecdn.net/vnexpress/restruct/j/v150/v2/helper/embed.js(12)
[0925/220139:INFO:CONSOLE(0)] "1111," source: https://s.vnecdn.net/vnexpress/restruct/j/v150/v2/helper/general.js(1)
[0925/220140:INFO:CONSOLE(0)] "null," source: https://s.vnecdn.net/vnexpress/restruct/j/v150/v2/helper/thirdparty/thirdparty.js(1)
[0925/220142:INFO:CONSOLE(0)] "error," source: https://s.vnecdn.net/vnexpress/restruct/j/v150/v2/helper/thirdparty/thirdparty.js(1)
[0925/220143:INFO:CONSOLE(0)] "Uncaught ReferenceError: CustomEvent is not defined," source: https://s.vnecdn.net/vnexpress/restruct/j/v150/redesign/helper/lazyload.js(1)
[0925/220143:INFO:CONSOLE(0)] "TypeError: Cannot call method 'cloneNode' of undefined," source: https://vnexpress.net/(69)
[0925/220143:INFO:CONSOLE(0)] "Uncaught TypeError: Cannot set property 'className' of null," source: https://vnexpress.net/(2)
[0925/220145:INFO:CONSOLE(0)] "Uncaught TypeError: Object vnexpress.net has no method 'includes'," source: https://s.vnecdn.net/vnexpress/restruct/j/v150/redesign/helper/mgeneral_redesign.js(121)
[0925/220149:INFO:CONSOLE(0)] "loadIm3Script," source: https://s.vnecdn.net/vnexpress/restruct/j/v150/v2/helper/embed.js(48)
[0925/220150:INFO:CONSOLE(0)] "video init," source: https://s.vnecdn.net/vnexpress/restruct/j/v150/v2/helper/embed.js(51)
[0925/220151:INFO:CONSOLE(0)] "fplayer init," source: https://s.vnecdn.net/vnexpress/restruct/j/v150/v2/helper/embed.js(12)
[0925/220152:INFO:CONSOLE(0)] "Uncaught TypeError: Cannot set property 'className' of null," source: https://vnexpress.net/(2)
[0925/220228:INFO:CONSOLE(0)] "Uncaught TypeError: Cannot set property 'className' of null," source: https://vnexpress.net/(2)
[0925/220241:INFO:CONSOLE(0)] "loadIm3Script," source: https://s.vnecdn.net/vnexpress/restruct/j/v150/v2/helper/embed.js(48)
[0925/220241:INFO:CONSOLE(0)] "video init," source: https://s.vnecdn.net/vnexpress/restruct/j/v150/v2/helper/embed.js(51)
[0925/220242:INFO:CONSOLE(0)] "fplayer init," source: https://s.vnecdn.net/vnexpress/restruct/j/v150/v2/helper/embed.js(12)
[0925/220305:INFO:CONSOLE(0)] "Uncaught TypeError: Cannot set property 'className' of null," source: https://vnexpress.net/(2)
[0925/220624:INFO:CONSOLE(0)] "Uncaught TypeError: Object [object DOMWindow] has no method '$'," source: https://kinhdoanh.vnexpress.net/tin-tuc/quoc-te/cuoc-dua-xuat-hang-sang-my-de-ne-thue-nhap-khau-3813606.html?ctr=related_news_click(664)
[0925/220634:INFO:CONSOLE(0)] "Uncaught TypeError: Object [object DOMWindow] has no method '$'," source: https://kinhdoanh.vnexpress.net/tin-tuc/hang-hoa/gia-cao-gap-30-lan-qua-mong-dua-van-chay-hang-3811726.html(485)
[0925/221218:INFO:CONSOLE(0)] "Uncaught ReferenceError: cxApi is not defined," source: https://vnexpress.net/tin-tuc/phap-luat/truy-to-toi-giet-nguoi-voi-tai-xe-co-tinh-can-nam-sinh-sau-tai-nan-3814516.html(86)
[0925/221224:INFO:CONSOLE(0)] "Uncaught ReferenceError: cxApi is not defined," source: https://vnexpress.net/tin-tuc/phap-luat/nghi-pham-sat-hai-3-nguoi-trong-gia-dinh-o-tien-giang-bi-bat-3792157.html(86)
[0925/221240:INFO:CONSOLE(0)] "Uncaught ReferenceError: cxApi is not defined," source: https://vnexpress.net/tin-tuc/thoi-su/da-nang-se-xu-ly-sai-pham-xay-dung-chung-cu-cua-muong-thanh-3815047.html(86)
[0925/221258:INFO:CONSOLE(0)] "Uncaught ReferenceError: cxApi is not defined," source: https://vnexpress.net/tin-tuc/thoi-su/da-nang-se-xu-ly-sai-pham-xay-dung-chung-cu-cua-muong-thanh-3815047.html(86)
[0925/222830:INFO:CONSOLE(0)] "Uncaught Error: INVALID_STATE_ERR: DOM Exception 11," source: http://media1.admicro.vn/core/admcore.js(868)
[0925/222830:INFO:CONSOLE(0)] "XMLHttpRequest cannot load http://defaultdsp.admicro.vn/dsp_default?w=0&h=0&z=4238&lsn=1537889275467&ce=1&lc=&cr=&ui=. Origin http://genk.vn is not allowed by Access-Control-Allow-Origin.," source: (1)
[0925/230610:INFO:CONSOLE(0)] "Uncaught Error: INVALID_STATE_ERR: DOM Exception 11," source: http://media1.admicro.vn/core/admcore.js(868)
[0925/230613:INFO:CONSOLE(0)] "ERRORundefined is not a function," source: http://media1.admicro.vn/core/fipmin.js(8)
[0925/230613:INFO:CONSOLE(0)] "ERRORiframe is not defined," source: http://media1.admicro.vn/core/fipmin.js(19)
[0925/230637:INFO:CONSOLE(0)] "Uncaught Error: INVALID_STATE_ERR: DOM Exception 11," source: http://media1.admicro.vn/core/admcore.js(868)
[0925/230648:INFO:CONSOLE(0)] "Uncaught TypeError: Object [object Object] has no method 'lazyload'," source: https://genknews.genkcdn.vn/web_js/details-20180924v2.min.js(11)
[0925/230649:INFO:CONSOLE(0)] "Uncaught TypeError: Object [object Object] has no method 'timeago'," source: https://genknews.genkcdn.vn/web_js/details-20180924v2.min.js(11)
[0925/230653:INFO:CONSOLE(0)] "Uncaught Error: INVALID_STATE_ERR: DOM Exception 11," source: http://media1.admicro.vn/core/admcore.js(868)
[0925/230655:INFO:CONSOLE(0)] "290," source: https://comment.vietid.net/comments?app_key=56eafad9ecf65bc827739910530c4ebb&content_url=http://genk.vn/chuyen-gia-ve-pin-khen-cach-dat-pin-cua-iphone-xs-cuc-ky-thong-minh-20180925132430831.chn&news_title=Q2h1eSVjMyVhYW4rZ2lhK3YlZTElYmIlODErcGluK2toZW4rYyVjMyVhMWNoKyVjNCU5MSVlMSViYSViN3QrcGluK2MlZTElYmIlYTdhK2lQaG9uZStYUytjJWUxJWJiJWIxYytrJWUxJWJiJWIzK3RoJWMzJWI0bmcrbWluaA==&num_count=5&debugcache=1&min=0&scroll=0&http_referer=http://genk.vn/chuyen-gia-ve-pin-khen-cach-dat-pin-cua-iphone-xs-cuc-ky-thong-minh-20180925132430831.chn&verify=1&verify_flag=cb6ab17ce861a28174462c82edc80342&funny_flag=0&height=238&iframe_comment_id=mingid_comment_iframe&comment_flag=0&news_url_short=0&real_time=undefined&is_hidden_comment=0(1)
[0925/230656:INFO:CONSOLE(0)] "300:mingid_comment_iframe:0," source: https://comment.vietid.net/comments?app_key=56eafad9ecf65bc827739910530c4ebb&content_url=http://genk.vn/chuyen-gia-ve-pin-khen-cach-dat-pin-cua-iphone-xs-cuc-ky-thong-minh-20180925132430831.chn&news_title=Q2h1eSVjMyVhYW4rZ2lhK3YlZTElYmIlODErcGluK2toZW4rYyVjMyVhMWNoKyVjNCU5MSVlMSViYSViN3QrcGluK2MlZTElYmIlYTdhK2lQaG9uZStYUytjJWUxJWJiJWIxYytrJWUxJWJiJWIzK3RoJWMzJWI0bmcrbWluaA==&num_count=5&debugcache=1&min=0&scroll=0&http_referer=http://genk.vn/chuyen-gia-ve-pin-khen-cach-dat-pin-cua-iphone-xs-cuc-ky-thong-minh-20180925132430831.chn&verify=1&verify_flag=cb6ab17ce861a28174462c82edc80342&funny_flag=0&height=238&iframe_comment_id=mingid_comment_iframe&comment_flag=0&news_url_short=0&real_time=undefined&is_hidden_comment=0(1)
[0925/230659:ERROR:.\socket\ssl_client_socket_nss.cc(2196)] handshake failed; NSS error code -5961, net_error -101
[0925/230703:INFO:CONSOLE(0)] "Uncaught Error: INVALID_STATE_ERR: DOM Exception 11," source: http://media1.admicro.vn/core/admcore.js(868)
[0925/233526:INFO:CONSOLE(0)] "Uncaught SyntaxError: Illegal return statement," source: (1)
[0926/051755:INFO:CONSOLE(0)] "Uncaught SyntaxError: Illegal return statement," source: (1)
[0926/055509:INFO:CONSOLE(0)] "%c%s," source: https://news.google.com/?hl=en-US&gl=US&ceid=US:en(267)
[0926/055509:INFO:CONSOLE(0)] "%c%s," source: https://news.google.com/?hl=en-US&gl=US&ceid=US:en(267)
[0926/194423:INFO:CONSOLE(0)] "%c%s," source: https://news.google.com/?hl=en-US&gl=US&ceid=US:en(267)
[0926/194423:INFO:CONSOLE(0)] "%c%s," source: https://news.google.com/?hl=en-US&gl=US&ceid=US:en(267)
[0926/194428:INFO:CONSOLE(0)] "%c%s," source: https://news.google.com/articles/CAIiEMljTzIg12VdzO-cdvI6AM4qGQgEKhAIACoHCAowocv1CjCSptoCMPrTpgU?hl=en-US&gl=US&ceid=US%3Aen(267)
[0926/194428:INFO:CONSOLE(0)] "%c%s," source: https://news.google.com/articles/CAIiEMljTzIg12VdzO-cdvI6AM4qGQgEKhAIACoHCAowocv1CjCSptoCMPrTpgU?hl=en-US&gl=US&ceid=US%3Aen(267)
[0926/194435:INFO:CONSOLE(0)] "Uncaught CustomError: Error in protected function: H`responseDelayMs``string," source: https://news.google.com/?hl=en-US&gl=US&ceid=US:en(268)
[0926/194435:INFO:CONSOLE(0)] "Uncaught CustomError: Error in protected function: H`responseDelayMs``string," source: https://news.google.com/?hl=en-US&gl=US&ceid=US:en(268)
[0926/195105:INFO:CONSOLE(0)] "Uncaught TypeError: Illegal constructor," source: https://stc.za.zaloapp.com/v3/za.js?17800(1)
[0926/195113:INFO:CONSOLE(0)] "Uncaught SyntaxError: Unexpected identifier," source: https://sp.zalo.me/plugins/sdk.js(18)
[0926/195114:INFO:CONSOLE(0)] "Unsafe JavaScript attempt to access frame with URL https://news.zing.vn/ from frame with URL https://staticxx.facebook.com/connect/xd_arbiter/r/mp2v3DK3INU.js?version=42#channel=f1d3972bfc&origin=https%3A%2F%2Fmp3.zing.vn. Domains, protocols and ports must match.
," source: (1)
[0926/195114:INFO:CONSOLE(0)] "Unsafe JavaScript attempt to access frame with URL https://news.zing.vn/ from frame with URL https://mp3.zing.vn/embed/zing-chart. Domains, protocols and ports must match.
," source: (1)
[0926/195114:INFO:CONSOLE(0)] "Unsafe JavaScript attempt to access frame with URL https://news.zing.vn/ from frame with URL https://mp3.zing.vn/embed/zing-chart. Domains, protocols and ports must match.
," source: (1)
[0926/195114:INFO:CONSOLE(0)] "Unsafe JavaScript attempt to access frame with URL https://news.zing.vn/ from frame with URL https://mp3.zing.vn/embed/zing-chart. Domains, protocols and ports must match.
," source: (1)
[0926/195300:INFO:CONSOLE(0)] "Uncaught TypeError: Illegal constructor," source: https://stc.za.zaloapp.com/v3/za.js?17800(1)
[0926/195547:INFO:CONSOLE(0)] "add," source: http://w2ui.com/src/w2ui-1.5.rc1.min.js(3)
[0926/195547:INFO:CONSOLE(0)] "add," source: http://w2ui.com/src/w2ui-1.5.rc1.min.js(3)
[0926/195559:INFO:CONSOLE(0)] "add," source: http://w2ui.com/src/w2ui-1.5.rc1.min.js(3)
[0926/195559:INFO:CONSOLE(0)] "add," source: http://w2ui.com/src/w2ui-1.5.rc1.min.js(3)
[0926/195559:INFO:CONSOLE(0)] "add," source: http://w2ui.com/src/w2ui-1.5.rc1.min.js(3)
[0926/195601:INFO:CONSOLE(0)] "[object Object]," source: (37)
[0926/195601:INFO:CONSOLE(0)] "1," source: (40)
[0926/195604:INFO:CONSOLE(0)] "[object Object]," source: (37)
[0926/195604:INFO:CONSOLE(0)] "2," source: (40)
[0926/195605:INFO:CONSOLE(0)] "[object Object]," source: (37)
[0926/195605:INFO:CONSOLE(0)] "3," source: (40)
[0926/195606:INFO:CONSOLE(0)] "[object Object]," source: (37)
[0926/195606:INFO:CONSOLE(0)] "4," source: (40)
[0926/195607:INFO:CONSOLE(0)] "[object Object]," source: (37)
[0926/195607:INFO:CONSOLE(0)] "5," source: (40)
[0926/195608:INFO:CONSOLE(0)] "[object Object]," source: (37)
[0926/195608:INFO:CONSOLE(0)] "6," source: (40)
[0926/195609:INFO:CONSOLE(0)] "[object Object]," source: (37)
[0926/195609:INFO:CONSOLE(0)] "7," source: (40)
[0926/195610:INFO:CONSOLE(0)] "[object Object]," source: (37)
[0926/195610:INFO:CONSOLE(0)] "8," source: (40)
[0926/195611:INFO:CONSOLE(0)] "[object Object]," source: (37)
[0926/195611:INFO:CONSOLE(0)] "9," source: (40)
[0926/195621:INFO:CONSOLE(0)] "[object Object]," source: (37)
[0926/195621:INFO:CONSOLE(0)] "3," source: (40)
[0926/195734:INFO:CONSOLE(0)] "add," source: http://w2ui.com/src/w2ui-1.5.rc1.min.js(3)
[0926/195742:INFO:CONSOLE(0)] "add," source: http://w2ui.com/src/w2ui-1.5.rc1.min.js(3)
[0926/195742:INFO:CONSOLE(0)] "add," source: http://w2ui.com/src/w2ui-1.5.rc1.min.js(3)
[0926/195830:INFO:CONSOLE(0)] "add," source: http://w2ui.com/src/w2ui-1.5.rc1.min.js(3)
[0926/200108:INFO:CONSOLE(0)] "Uncaught TypeError: Cannot call method 'resize' of undefined," source: http://w2ui.com/src/w2ui-1.5.rc1.min.js(9)
[0926/200108:INFO:CONSOLE(0)] "Uncaught TypeError: Cannot call method 'resize' of undefined," source: http://w2ui.com/src/w2ui-1.5.rc1.min.js(9)
[0926/200117:INFO:CONSOLE(0)] "Uncaught TypeError: Cannot call method 'resize' of undefined," source: http://w2ui.com/src/w2ui-1.5.rc1.min.js(9)
[0926/200117:INFO:CONSOLE(0)] "Uncaught TypeError: Cannot call method 'resize' of undefined," source: http://w2ui.com/src/w2ui-1.5.rc1.min.js(9)
[0926/200224:INFO:CONSOLE(0)] "Uncaught TypeError: Cannot call method 'resize' of undefined," source: http://w2ui.com/src/w2ui-1.5.rc1.min.js(9)
[0926/200224:INFO:CONSOLE(0)] "Uncaught TypeError: Cannot call method 'resize' of undefined," source: http://w2ui.com/src/w2ui-1.5.rc1.min.js(9)
[0926/200319:INFO:CONSOLE(0)] "add," source: http://w2ui.com/src/w2ui-1.5.rc1.min.js(3)
[0926/200323:INFO:CONSOLE(0)] "Uncaught TypeError: Cannot call method 'resize' of undefined," source: http://w2ui.com/src/w2ui-1.5.rc1.min.js(9)
[0926/200323:INFO:CONSOLE(0)] "Uncaught TypeError: Cannot call method 'resize' of undefined," source: http://w2ui.com/src/w2ui-1.5.rc1.min.js(9)
[0926/200414:INFO:CONSOLE(0)] "Uncaught TypeError: Cannot call method 'resize' of undefined," source: http://w2ui.com/src/w2ui-1.5.rc1.min.js(9)
[0926/200414:INFO:CONSOLE(0)] "Uncaught TypeError: Cannot call method 'resize' of undefined," source: http://w2ui.com/src/w2ui-1.5.rc1.min.js(9)
[0926/200416:INFO:CONSOLE(0)] "Uncaught TypeError: Cannot call method 'resize' of undefined," source: http://w2ui.com/src/w2ui-1.5.rc1.min.js(9)
[0926/200416:INFO:CONSOLE(0)] "Uncaught TypeError: Cannot call method 'resize' of undefined," source: http://w2ui.com/src/w2ui-1.5.rc1.min.js(9)
[0926/200418:INFO:CONSOLE(0)] "Uncaught TypeError: Cannot call method 'resize' of undefined," source: http://w2ui.com/src/w2ui-1.5.rc1.min.js(9)
[0926/200418:INFO:CONSOLE(0)] "Uncaught TypeError: Cannot call method 'resize' of undefined," source: http://w2ui.com/src/w2ui-1.5.rc1.min.js(9)
[0926/200420:INFO:CONSOLE(0)] "Uncaught TypeError: Cannot call method 'resize' of undefined," source: http://w2ui.com/src/w2ui-1.5.rc1.min.js(9)
[0926/200420:INFO:CONSOLE(0)] "Uncaught TypeError: Cannot call method 'resize' of undefined," source: http://w2ui.com/src/w2ui-1.5.rc1.min.js(9)
[0926/200428:INFO:CONSOLE(0)] "Uncaught TypeError: Cannot call method 'resize' of undefined," source: http://w2ui.com/src/w2ui-1.5.rc1.min.js(9)
[0926/200428:INFO:CONSOLE(0)] "Uncaught TypeError: Cannot call method 'resize' of undefined," source: http://w2ui.com/src/w2ui-1.5.rc1.min.js(9)
[0926/200459:INFO:CONSOLE(0)] "Uncaught TypeError: Cannot call method 'resize' of undefined," source: http://w2ui.com/src/w2ui-1.5.rc1.min.js(9)
[0926/200459:INFO:CONSOLE(0)] "Uncaught TypeError: Cannot call method 'resize' of undefined," source: http://w2ui.com/src/w2ui-1.5.rc1.min.js(9)
[0926/205521:INFO:CONSOLE(0)] "true," source: http://setting.local/(51)
[0926/205527:INFO:CONSOLE(0)] "false," source: http://setting.local/(51)
[0926/205529:INFO:CONSOLE(0)] "true," source: http://setting.local/(51)
[0926/205531:INFO:CONSOLE(0)] "false," source: http://setting.local/(51)
[0926/205532:INFO:CONSOLE(0)] "true," source: http://setting.local/(51)
[0926/205533:INFO:CONSOLE(0)] "false," source: http://setting.local/(51)
[0926/205535:INFO:CONSOLE(0)] "true," source: http://setting.local/(51)
[0926/205537:INFO:CONSOLE(0)] "false," source: http://setting.local/(51)
[0926/205614:INFO:CONSOLE(0)] "false," source: http://setting.local/(52)
[0926/205615:INFO:CONSOLE(0)] "false," source: http://setting.local/(52)
[0926/205616:INFO:CONSOLE(0)] "false," source: http://setting.local/(52)
[0926/210016:INFO:CONSOLE(0)] "false," source: http://setting.local/(54)
[0926/210017:INFO:CONSOLE(0)] "false," source: http://setting.local/(54)
[0926/210211:INFO:CONSOLE(0)] "false," source: http://setting.local/(54)
[0926/210752:INFO:CONSOLE(0)] "ERROR: Cannot insert node with id=undefined (text: Level 2.3) because another node with the same id already exists.," source: http://setting.local/w2ui.min.js(11)
[0926/210752:INFO:CONSOLE(0)] "ERROR: Cannot insert node with id=undefined (text: Level 2.3) because another node with the same id already exists.," source: http://setting.local/w2ui.min.js(11)
[0926/210752:INFO:CONSOLE(0)] "ERROR: Cannot insert node with id=undefined (text: Level 2.3) because another node with the same id already exists.," source: http://setting.local/w2ui.min.js(11)
[0926/210752:INFO:CONSOLE(0)] "ERROR: Cannot insert node with id=undefined (text: Level 2.3) because another node with the same id already exists.," source: http://setting.local/w2ui.min.js(11)
[0926/210752:INFO:CONSOLE(0)] "ERROR: Cannot insert node with id=undefined (text: Level 2.3) because another node with the same id already exists.," source: http://setting.local/w2ui.min.js(11)
[0926/210752:INFO:CONSOLE(0)] "ERROR: Cannot insert node with id=undefined (text: Level 2.3) because another node with the same id already exists.," source: http://setting.local/w2ui.min.js(11)
[0926/210752:INFO:CONSOLE(0)] "ERROR: Cannot insert node with id=undefined (text: Level 2.3) because another node with the same id already exists.," source: http://setting.local/w2ui.min.js(11)
[0926/210752:INFO:CONSOLE(0)] "ERROR: Cannot insert node with id=undefined (text: Level 2.3) because another node with the same id already exists.," source: http://setting.local/w2ui.min.js(11)
[0926/210752:INFO:CONSOLE(0)] "ERROR: Cannot insert node with id=undefined (text: Level 2.3) because another node with the same id already exists.," source: http://setting.local/w2ui.min.js(11)
[0926/210752:INFO:CONSOLE(0)] "ERROR: Cannot insert node with id=undefined (text: Level 2.3) because another node with the same id already exists.," source: http://setting.local/w2ui.min.js(11)
[0926/210752:INFO:CONSOLE(0)] "ERROR: Cannot insert node with id=undefined (text: Level 2.3) because another node with the same id already exists.," source: http://setting.local/w2ui.min.js(11)
[0926/210752:INFO:CONSOLE(0)] "ERROR: Cannot insert node with id=undefined (text: Level 2.3) because another node with the same id already exists.," source: http://setting.local/w2ui.min.js(11)
[0926/210752:INFO:CONSOLE(0)] "ERROR: Cannot insert node with id=undefined (text: Level 2.3) because another node with the same id already exists.," source: http://setting.local/w2ui.min.js(11)
[0926/210752:INFO:CONSOLE(0)] "ERROR: Cannot insert node with id=undefined (text: Level 2.3) because another node with the same id already exists.," source: http://setting.local/w2ui.min.js(11)
[0926/210752:INFO:CONSOLE(0)] "ERROR: Cannot insert node with id=undefined (text: Level 2.3) because another node with the same id already exists.," source: http://setting.local/w2ui.min.js(11)
[0926/210752:INFO:CONSOLE(0)] "ERROR: Cannot insert node with id=undefined (text: Level 2.3) because another node with the same id already exists.," source: http://setting.local/w2ui.min.js(11)
[0926/210752:INFO:CONSOLE(0)] "ERROR: Cannot insert node with id=undefined (text: Level 2.3) because another node with the same id already exists.," source: http://setting.local/w2ui.min.js(11)
[0926/210752:INFO:CONSOLE(0)] "ERROR: Cannot insert node with id=undefined (text: Level 2.3) because another node with the same id already exists.," source: http://setting.local/w2ui.min.js(11)
[0926/210752:INFO:CONSOLE(0)] "ERROR: Cannot insert node with id=undefined (text: Level 2.3) because another node with the same id already exists.," source: http://setting.local/w2ui.min.js(11)
[0926/210752:INFO:CONSOLE(0)] "ERROR: Cannot insert node with id=undefined (text: Level 2.3) because another node with the same id already exists.," source: http://setting.local/w2ui.min.js(11)
[0926/210752:INFO:CONSOLE(0)] "ERROR: Cannot insert node with id=undefined (text: Level 2.3) because another node with the same id already exists.," source: http://setting.local/w2ui.min.js(11)
[0926/210752:INFO:CONSOLE(0)] "ERROR: Cannot insert node with id=undefined (text: Level 2.3) because another node with the same id already exists.," source: http://setting.local/w2ui.min.js(11)
[0926/210752:INFO:CONSOLE(0)] "ERROR: Cannot insert node with id=undefined (text: Level 2.3) because another node with the same id already exists.," source: http://setting.local/w2ui.min.js(11)
[0926/210752:INFO:CONSOLE(0)] "ERROR: Cannot insert node with id=undefined (text: Level 2.3) because another node with the same id already exists.," source: http://setting.local/w2ui.min.js(11)
[0926/210752:INFO:CONSOLE(0)] "ERROR: Cannot insert node with id=undefined (text: Level 2.3) because another node with the same id already exists.," source: http://setting.local/w2ui.min.js(11)
[0926/210752:INFO:CONSOLE(0)] "ERROR: Cannot insert node with id=undefined (text: Level 2.3) because another node with the same id already exists.," source: http://setting.local/w2ui.min.js(11)
[0926/210752:INFO:CONSOLE(0)] "ERROR: Cannot insert node with id=undefined (text: Level 2.3) because another node with the same id already exists.," source: http://setting.local/w2ui.min.js(11)
[0926/210752:INFO:CONSOLE(0)] "ERROR: Cannot insert node with id=undefined (text: Level 2.3) because another node with the same id already exists.," source: http://setting.local/w2ui.min.js(11)
[0926/210752:INFO:CONSOLE(0)] "ERROR: Cannot insert node with id=undefined (text: Level 2.3) because another node with the same id already exists.," source: http://setting.local/w2ui.min.js(11)
[0926/210752:INFO:CONSOLE(0)] "ERROR: Cannot insert node with id=undefined (text: Level 2.3) because another node with the same id already exists.," source: http://setting.local/w2ui.min.js(11)
[0926/210752:INFO:CONSOLE(0)] "ERROR: Cannot insert node with id=undefined (text: Level 2.3) because another node with the same id already exists.," source: http://setting.local/w2ui.min.js(11)
[0926/210752:INFO:CONSOLE(0)] "ERROR: Cannot insert node with id=undefined (text: Level 2.3) because another node with the same id already exists.," source: http://setting.local/w2ui.min.js(11)
[0926/210752:INFO:CONSOLE(0)] "ERROR: Cannot insert node with id=undefined (text: Level 2.3) because another node with the same id already exists.," source: http://setting.local/w2ui.min.js(11)
[0926/210752:INFO:CONSOLE(0)] "ERROR: Cannot insert node with id=undefined (text: Level 2.3) because another node with the same id already exists.," source: http://setting.local/w2ui.min.js(11)
[0926/210752:INFO:CONSOLE(0)] "ERROR: Cannot insert node with id=undefined (text: Level 2.3) because another node with the same id already exists.," source: http://setting.local/w2ui.min.js(11)
[0926/210752:INFO:CONSOLE(0)] "ERROR: Cannot insert node with id=undefined (text: Level 2.3) because another node with the same id already exists.," source: http://setting.local/w2ui.min.js(11)
[0926/210752:INFO:CONSOLE(0)] "ERROR: Cannot insert node with id=undefined (text: Level 2.3) because another node with the same id already exists.," source: http://setting.local/w2ui.min.js(11)
[0926/210752:INFO:CONSOLE(0)] "ERROR: Cannot insert node with id=undefined (text: Level 2.3) because another node with the same id already exists.," source: http://setting.local/w2ui.min.js(11)
[0926/210752:INFO:CONSOLE(0)] "ERROR: Cannot insert node with id=undefined (text: Level 2.3) because another node with the same id already exists.," source: http://setting.local/w2ui.min.js(11)
[0926/210752:INFO:CONSOLE(0)] "ERROR: Cannot insert node with id=undefined (text: Level 2.3) because another node with the same id already exists.," source: http://setting.local/w2ui.min.js(11)
[0926/210752:INFO:CONSOLE(0)] "ERROR: Cannot insert node with id=undefined (text: Level 2.3) because another node with the same id already exists.," source: http://setting.local/w2ui.min.js(11)
[0926/210752:INFO:CONSOLE(0)] "ERROR: Cannot insert node with id=undefined (text: Level 2.3) because another node with the same id already exists.," source: http://setting.local/w2ui.min.js(11)
[0926/210752:INFO:CONSOLE(0)] "ERROR: Cannot insert node with id=undefined (text: Level 2.3) because another node with the same id already exists.," source: http://setting.local/w2ui.min.js(11)
[0926/210752:INFO:CONSOLE(0)] "ERROR: Cannot insert node with id=undefined (text: Level 2.3) because another node with the same id already exists.," source: http://setting.local/w2ui.min.js(11)
[0926/210752:INFO:CONSOLE(0)] "ERROR: Cannot insert node with id=undefined (text: Level 2.3) because another node with the same id already exists.," source: http://setting.local/w2ui.min.js(11)
[0926/210754:INFO:CONSOLE(0)] "ERROR: Cannot insert node with id=undefined (text: Level 2.3) because another node with the same id already exists.," source: http://setting.local/w2ui.min.js(11)
[0926/210754:INFO:CONSOLE(0)] "ERROR: Cannot insert node with id=undefined (text: Level 2.3) because another node with the same id already exists.," source: http://setting.local/w2ui.min.js(11)
[0926/210754:INFO:CONSOLE(0)] "ERROR: Cannot insert node with id=undefined (text: Level 2.3) because another node with the same id already exists.," source: http://setting.local/w2ui.min.js(11)
[0926/210754:INFO:CONSOLE(0)] "ERROR: Cannot insert node with id=undefined (text: Level 2.3) because another node with the same id already exists.," source: http://setting.local/w2ui.min.js(11)
[0926/210754:INFO:CONSOLE(0)] "ERROR: Cannot insert node with id=undefined (text: Level 2.3) because another node with the same id already exists.," source: http://setting.local/w2ui.min.js(11)
[0926/210754:INFO:CONSOLE(0)] "ERROR: Cannot insert node with id=undefined (text: Level 2.3) because another node with the same id already exists.," source: http://setting.local/w2ui.min.js(11)
[0926/210754:INFO:CONSOLE(0)] "ERROR: Cannot insert node with id=undefined (text: Level 2.3) because another node with the same id already exists.," source: http://setting.local/w2ui.min.js(11)
[0926/210754:INFO:CONSOLE(0)] "ERROR: Cannot insert node with id=undefined (text: Level 2.3) because another node with the same id already exists.," source: http://setting.local/w2ui.min.js(11)
[0926/210754:INFO:CONSOLE(0)] "ERROR: Cannot insert node with id=undefined (text: Level 2.3) because another node with the same id already exists.," source: http://setting.local/w2ui.min.js(11)
[0926/210754:INFO:CONSOLE(0)] "ERROR: Cannot insert node with id=undefined (text: Level 2.3) because another node with the same id already exists.," source: http://setting.local/w2ui.min.js(11)
[0926/210754:INFO:CONSOLE(0)] "ERROR: Cannot insert node with id=undefined (text: Level 2.3) because another node with the same id already exists.," source: http://setting.local/w2ui.min.js(11)
[0926/210754:INFO:CONSOLE(0)] "ERROR: Cannot insert node with id=undefined (text: Level 2.3) because another node with the same id already exists.," source: http://setting.local/w2ui.min.js(11)
[0926/210754:INFO:CONSOLE(0)] "ERROR: Cannot insert node with id=undefined (text: Level 2.3) because another node with the same id already exists.," source: http://setting.local/w2ui.min.js(11)
[0926/210754:INFO:CONSOLE(0)] "ERROR: Cannot insert node with id=undefined (text: Level 2.3) because another node with the same id already exists.," source: http://setting.local/w2ui.min.js(11)
[0926/210754:INFO:CONSOLE(0)] "ERROR: Cannot insert node with id=undefined (text: Level 2.3) because another node with the same id already exists.," source: http://setting.local/w2ui.min.js(11)
[0926/210754:INFO:CONSOLE(0)] "ERROR: Cannot insert node with id=undefined (text: Level 2.3) because another node with the same id already exists.," source: http://setting.local/w2ui.min.js(11)
[0926/210754:INFO:CONSOLE(0)] "ERROR: Cannot insert node with id=undefined (text: Level 2.3) because another node with the same id already exists.," source: http://setting.local/w2ui.min.js(11)
[0926/210754:INFO:CONSOLE(0)] "ERROR: Cannot insert node with id=undefined (text: Level 2.3) because another node with the same id already exists.," source: http://setting.local/w2ui.min.js(11)
[0926/210754:INFO:CONSOLE(0)] "ERROR: Cannot insert node with id=undefined (text: Level 2.3) because another node with the same id already exists.," source: http://setting.local/w2ui.min.js(11)
[0926/210754:INFO:CONSOLE(0)] "ERROR: Cannot insert node with id=undefined (text: Level 2.3) because another node with the same id already exists.," source: http://setting.local/w2ui.min.js(11)
[0926/210754:INFO:CONSOLE(0)] "ERROR: Cannot insert node with id=undefined (text: Level 2.3) because another node with the same id already exists.," source: http://setting.local/w2ui.min.js(11)
[0926/210754:INFO:CONSOLE(0)] "ERROR: Cannot insert node with id=undefined (text: Level 2.3) because another node with the same id already exists.," source: http://setting.local/w2ui.min.js(11)
[0926/210754:INFO:CONSOLE(0)] "ERROR: Cannot insert node with id=undefined (text: Level 2.3) because another node with the same id already exists.," source: http://setting.local/w2ui.min.js(11)
[0926/210754:INFO:CONSOLE(0)] "ERROR: Cannot insert node with id=undefined (text: Level 2.3) because another node with the same id already exists.," source: http://setting.local/w2ui.min.js(11)
[0926/210754:INFO:CONSOLE(0)] "ERROR: Cannot insert node with id=undefined (text: Level 2.3) because another node with the same id already exists.," source: http://setting.local/w2ui.min.js(11)
[0926/210754:INFO:CONSOLE(0)] "ERROR: Cannot insert node with id=undefined (text: Level 2.3) because another node with the same id already exists.," source: http://setting.local/w2ui.min.js(11)
[0926/210754:INFO:CONSOLE(0)] "ERROR: Cannot insert node with id=undefined (text: Level 2.3) because another node with the same id already exists.," source: http://setting.local/w2ui.min.js(11)
[0926/210754:INFO:CONSOLE(0)] "ERROR: Cannot insert node with id=undefined (text: Level 2.3) because another node with the same id already exists.," source: http://setting.local/w2ui.min.js(11)
[0926/210754:INFO:CONSOLE(0)] "ERROR: Cannot insert node with id=undefined (text: Level 2.3) because another node with the same id already exists.," source: http://setting.local/w2ui.min.js(11)
[0926/210754:INFO:CONSOLE(0)] "ERROR: Cannot insert node with id=undefined (text: Level 2.3) because another node with the same id already exists.," source: http://setting.local/w2ui.min.js(11)
[0926/210754:INFO:CONSOLE(0)] "ERROR: Cannot insert node with id=undefined (text: Level 2.3) because another node with the same id already exists.," source: http://setting.local/w2ui.min.js(11)
[0926/210754:INFO:CONSOLE(0)] "ERROR: Cannot insert node with id=undefined (text: Level 2.3) because another node with the same id already exists.," source: http://setting.local/w2ui.min.js(11)
[0926/210754:INFO:CONSOLE(0)] "ERROR: Cannot insert node with id=undefined (text: Level 2.3) because another node with the same id already exists.," source: http://setting.local/w2ui.min.js(11)
[0926/210754:INFO:CONSOLE(0)] "ERROR: Cannot insert node with id=undefined (text: Level 2.3) because another node with the same id already exists.," source: http://setting.local/w2ui.min.js(11)
[0926/210754:INFO:CONSOLE(0)] "ERROR: Cannot insert node with id=undefined (text: Level 2.3) because another node with the same id already exists.," source: http://setting.local/w2ui.min.js(11)
[0926/210754:INFO:CONSOLE(0)] "ERROR: Cannot insert node with id=undefined (text: Level 2.3) because another node with the same id already exists.," source: http://setting.local/w2ui.min.js(11)
[0926/210754:INFO:CONSOLE(0)] "ERROR: Cannot insert node with id=undefined (text: Level 2.3) because another node with the same id already exists.," source: http://setting.local/w2ui.min.js(11)
[0926/210754:INFO:CONSOLE(0)] "ERROR: Cannot insert node with id=undefined (text: Level 2.3) because another node with the same id already exists.," source: http://setting.local/w2ui.min.js(11)
[0926/210754:INFO:CONSOLE(0)] "ERROR: Cannot insert node with id=undefined (text: Level 2.3) because another node with the same id already exists.," source: http://setting.local/w2ui.min.js(11)
[0926/210754:INFO:CONSOLE(0)] "ERROR: Cannot insert node with id=undefined (text: Level 2.3) because another node with the same id already exists.," source: http://setting.local/w2ui.min.js(11)
[0926/210754:INFO:CONSOLE(0)] "ERROR: Cannot insert node with id=undefined (text: Level 2.3) because another node with the same id already exists.," source: http://setting.local/w2ui.min.js(11)
[0926/210754:INFO:CONSOLE(0)] "ERROR: Cannot insert node with id=undefined (text: Level 2.3) because another node with the same id already exists.," source: http://setting.local/w2ui.min.js(11)
[0926/210754:INFO:CONSOLE(0)] "ERROR: Cannot insert node with id=undefined (text: Level 2.3) because another node with the same id already exists.," source: http://setting.local/w2ui.min.js(11)
[0926/210754:INFO:CONSOLE(0)] "ERROR: Cannot insert node with id=undefined (text: Level 2.3) because another node with the same id already exists.," source: http://setting.local/w2ui.min.js(11)
[0926/210754:INFO:CONSOLE(0)] "ERROR: Cannot insert node with id=undefined (text: Level 2.3) because another node with the same id already exists.," source: http://setting.local/w2ui.min.js(11)
[0926/210754:INFO:CONSOLE(0)] "ERROR: Cannot insert node with id=undefined (text: Level 2.3) because another node with the same id already exists.," source: http://setting.local/w2ui.min.js(11)
[0926/210754:INFO:CONSOLE(0)] "ERROR: Cannot insert node with id=undefined (text: Level 2.3) because another node with the same id already exists.," source: http://setting.local/w2ui.min.js(11)
[0926/210754:INFO:CONSOLE(0)] "ERROR: Cannot insert node with id=undefined (text: Level 2.3) because another node with the same id already exists.," source: http://setting.local/w2ui.min.js(11)
[0926/210754:INFO:CONSOLE(0)] "ERROR: Cannot insert node with id=undefined (text: Level 2.3) because another node with the same id already exists.," source: http://setting.local/w2ui.min.js(11)
[0926/210754:INFO:CONSOLE(0)] "ERROR: Cannot insert node with id=undefined (text: Level 2.3) because another node with the same id already exists.," source: http://setting.local/w2ui.min.js(11)
[0926/210754:INFO:CONSOLE(0)] "ERROR: Cannot insert node with id=undefined (text: Level 2.3) because another node with the same id already exists.," source: http://setting.local/w2ui.min.js(11)
[0926/210754:INFO:CONSOLE(0)] "ERROR: Cannot insert node with id=undefined (text: Level 2.3) because another node with the same id already exists.," source: http://setting.local/w2ui.min.js(11)
[0926/210754:INFO:CONSOLE(0)] "ERROR: Cannot insert node with id=undefined (text: Level 2.3) because another node with the same id already exists.," source: http://setting.local/w2ui.min.js(11)
[0926/210754:INFO:CONSOLE(0)] "ERROR: Cannot insert node with id=undefined (text: Level 2.3) because another node with the same id already exists.," source: http://setting.local/w2ui.min.js(11)
[0926/210754:INFO:CONSOLE(0)] "ERROR: Cannot insert node with id=undefined (text: Level 2.3) because another node with the same id already exists.," source: http://setting.local/w2ui.min.js(11)
[0926/210754:INFO:CONSOLE(0)] "ERROR: Cannot insert node with id=undefined (text: Level 2.3) because another node with the same id already exists.," source: http://setting.local/w2ui.min.js(11)
[0926/210754:INFO:CONSOLE(0)] "ERROR: Cannot insert node with id=undefined (text: Level 2.3) because another node with the same id already exists.," source: http://setting.local/w2ui.min.js(11)
[0926/210754:INFO:CONSOLE(0)] "ERROR: Cannot insert node with id=undefined (text: Level 2.3) because another node with the same id already exists.," source: http://setting.local/w2ui.min.js(11)
[0926/210754:INFO:CONSOLE(0)] "ERROR: Cannot insert node with id=undefined (text: Level 2.3) because another node with the same id already exists.," source: http://setting.local/w2ui.min.js(11)
[0926/210754:INFO:CONSOLE(0)] "ERROR: Cannot insert node with id=undefined (text: Level 2.3) because another node with the same id already exists.," source: http://setting.local/w2ui.min.js(11)
[0926/210754:INFO:CONSOLE(0)] "ERROR: Cannot insert node with id=undefined (text: Level 2.3) because another node with the same id already exists.," source: http://setting.local/w2ui.min.js(11)
[0926/210754:INFO:CONSOLE(0)] "ERROR: Cannot insert node with id=undefined (text: Level 2.3) because another node with the same id already exists.," source: http://setting.local/w2ui.min.js(11)
[0926/210754:INFO:CONSOLE(0)] "ERROR: Cannot insert node with id=undefined (text: Level 2.3) because another node with the same id already exists.," source: http://setting.local/w2ui.min.js(11)
[0926/210754:INFO:CONSOLE(0)] "ERROR: Cannot insert node with id=undefined (text: Level 2.3) because another node with the same id already exists.," source: http://setting.local/w2ui.min.js(11)
[0926/210754:INFO:CONSOLE(0)] "ERROR: Cannot insert node with id=undefined (text: Level 2.3) because another node with the same id already exists.," source: http://setting.local/w2ui.min.js(11)
[0926/210754:INFO:CONSOLE(0)] "ERROR: Cannot insert node with id=undefined (text: Level 2.3) because another node with the same id already exists.," source: http://setting.local/w2ui.min.js(11)
[0926/210754:INFO:CONSOLE(0)] "ERROR: Cannot insert node with id=undefined (text: Level 2.3) because another node with the same id already exists.," source: http://setting.local/w2ui.min.js(11)
[0926/210754:INFO:CONSOLE(0)] "ERROR: Cannot insert node with id=undefined (text: Level 2.3) because another node with the same id already exists.," source: http://setting.local/w2ui.min.js(11)
[0926/210754:INFO:CONSOLE(0)] "ERROR: Cannot insert node with id=undefined (text: Level 2.3) because another node with the same id already exists.," source: http://setting.local/w2ui.min.js(11)
[0926/210754:INFO:CONSOLE(0)] "ERROR: Cannot insert node with id=undefined (text: Level 2.3) because another node with the same id already exists.," source: http://setting.local/w2ui.min.js(11)
[0926/210754:INFO:CONSOLE(0)] "ERROR: Cannot insert node with id=undefined (text: Level 2.3) because another node with the same id already exists.," source: http://setting.local/w2ui.min.js(11)
[0926/210754:INFO:CONSOLE(0)] "ERROR: Cannot insert node with id=undefined (text: Level 2.3) because another node with the same id already exists.," source: http://setting.local/w2ui.min.js(11)
[0926/210754:INFO:CONSOLE(0)] "ERROR: Cannot insert node with id=undefined (text: Level 2.3) because another node with the same id already exists.," source: http://setting.local/w2ui.min.js(11)
[0926/210754:INFO:CONSOLE(0)] "ERROR: Cannot insert node with id=undefined (text: Level 2.3) because another node with the same id already exists.," source: http://setting.local/w2ui.min.js(11)
[0926/210754:INFO:CONSOLE(0)] "ERROR: Cannot insert node with id=undefined (text: Level 2.3) because another node with the same id already exists.," source: http://setting.local/w2ui.min.js(11)
[0926/210754:INFO:CONSOLE(0)] "ERROR: Cannot insert node with id=undefined (text: Level 2.3) because another node with the same id already exists.," source: http://setting.local/w2ui.min.js(11)
[0926/210754:INFO:CONSOLE(0)] "ERROR: Cannot insert node with id=undefined (text: Level 2.3) because another node with the same id already exists.," source: http://setting.local/w2ui.min.js(11)
[0926/210754:INFO:CONSOLE(0)] "ERROR: Cannot insert node with id=undefined (text: Level 2.3) because another node with the same id already exists.," source: http://setting.local/w2ui.min.js(11)
[0926/210754:INFO:CONSOLE(0)] "ERROR: Cannot insert node with id=undefined (text: Level 2.3) because another node with the same id already exists.," source: http://setting.local/w2ui.min.js(11)
[0926/210754:INFO:CONSOLE(0)] "ERROR: Cannot insert node with id=undefined (text: Level 2.3) because another node with the same id already exists.," source: http://setting.local/w2ui.min.js(11)
[0926/210754:INFO:CONSOLE(0)] "ERROR: Cannot insert node with id=undefined (text: Level 2.3) because another node with the same id already exists.," source: http://setting.local/w2ui.min.js(11)
[0926/210754:INFO:CONSOLE(0)] "ERROR: Cannot insert node with id=undefined (text: Level 2.3) because another node with the same id already exists.," source: http://setting.local/w2ui.min.js(11)
[0926/210754:INFO:CONSOLE(0)] "ERROR: Cannot insert node with id=undefined (text: Level 2.3) because another node with the same id already exists.," source: http://setting.local/w2ui.min.js(11)
[0926/210754:INFO:CONSOLE(0)] "ERROR: Cannot insert node with id=undefined (text: Level 2.3) because another node with the same id already exists.," source: http://setting.local/w2ui.min.js(11)
[0926/210754:INFO:CONSOLE(0)] "ERROR: Cannot insert node with id=undefined (text: Level 2.3) because another node with the same id already exists.," source: http://setting.local/w2ui.min.js(11)
[0926/210754:INFO:CONSOLE(0)] "ERROR: Cannot insert node with id=undefined (text: Level 2.3) because another node with the same id already exists.," source: http://setting.local/w2ui.min.js(11)
[0926/210754:INFO:CONSOLE(0)] "ERROR: Cannot insert node with id=undefined (text: Level 2.3) because another node with the same id already exists.," source: http://setting.local/w2ui.min.js(11)
[0926/210754:INFO:CONSOLE(0)] "ERROR: Cannot insert node with id=undefined (text: Level 2.3) because another node with the same id already exists.," source: http://setting.local/w2ui.min.js(11)
[0926/210754:INFO:CONSOLE(0)] "ERROR: Cannot insert node with id=undefined (text: Level 2.3) because another node with the same id already exists.," source: http://setting.local/w2ui.min.js(11)
[0926/210754:INFO:CONSOLE(0)] "ERROR: Cannot insert node with id=undefined (text: Level 2.3) because another node with the same id already exists.," source: http://setting.local/w2ui.min.js(11)
[0926/210755:INFO:CONSOLE(0)] "ERROR: Cannot insert node with id=undefined (text: Level 2.3) because another node with the same id already exists.," source: http://setting.local/w2ui.min.js(11)
[0926/210755:INFO:CONSOLE(0)] "ERROR: Cannot insert node with id=undefined (text: Level 2.3) because another node with the same id already exists.," source: http://setting.local/w2ui.min.js(11)
[0926/210755:INFO:CONSOLE(0)] "ERROR: Cannot insert node with id=undefined (text: Level 2.3) because another node with the same id already exists.," source: http://setting.local/w2ui.min.js(11)
[0926/210755:INFO:CONSOLE(0)] "ERROR: Cannot insert node with id=undefined (text: Level 2.3) because another node with the same id already exists.," source: http://setting.local/w2ui.min.js(11)
[0926/210755:INFO:CONSOLE(0)] "ERROR: Cannot insert node with id=undefined (text: Level 2.3) because another node with the same id already exists.," source: http://setting.local/w2ui.min.js(11)
[0926/210755:INFO:CONSOLE(0)] "ERROR: Cannot insert node with id=undefined (text: Level 2.3) because another node with the same id already exists.," source: http://setting.local/w2ui.min.js(11)
[0926/210755:INFO:CONSOLE(0)] "ERROR: Cannot insert node with id=undefined (text: Level 2.3) because another node with the same id already exists.," source: http://setting.local/w2ui.min.js(11)
[0926/210755:INFO:CONSOLE(0)] "ERROR: Cannot insert node with id=undefined (text: Level 2.3) because another node with the same id already exists.," source: http://setting.local/w2ui.min.js(11)
[0926/210755:INFO:CONSOLE(0)] "ERROR: Cannot insert node with id=undefined (text: Level 2.3) because another node with the same id already exists.," source: http://setting.local/w2ui.min.js(11)
[0926/210755:INFO:CONSOLE(0)] "ERROR: Cannot insert node with id=undefined (text: Level 2.3) because another node with the same id already exists.," source: http://setting.local/w2ui.min.js(11)
[0926/210755:INFO:CONSOLE(0)] "ERROR: Cannot insert node with id=undefined (text: Level 2.3) because another node with the same id already exists.," source: http://setting.local/w2ui.min.js(11)
[0926/210755:INFO:CONSOLE(0)] "ERROR: Cannot insert node with id=undefined (text: Level 2.3) because another node with the same id already exists.," source: http://setting.local/w2ui.min.js(11)
[0926/210755:INFO:CONSOLE(0)] "ERROR: Cannot insert node with id=undefined (text: Level 2.3) because another node with the same id already exists.," source: http://setting.local/w2ui.min.js(11)
[0926/210755:INFO:CONSOLE(0)] "ERROR: Cannot insert node with id=undefined (text: Level 2.3) because another node with the same id already exists.," source: http://setting.local/w2ui.min.js(11)
[0926/210755:INFO:CONSOLE(0)] "ERROR: Cannot insert node with id=undefined (text: Level 2.3) because another node with the same id already exists.," source: http://setting.local/w2ui.min.js(11)
[0926/210755:INFO:CONSOLE(0)] "ERROR: Cannot insert node with id=undefined (text: Level 2.3) because another node with the same id already exists.," source: http://setting.local/w2ui.min.js(11)
[0926/210755:INFO:CONSOLE(0)] "ERROR: Cannot insert node with id=undefined (text: Level 2.3) because another node with the same id already exists.," source: http://setting.local/w2ui.min.js(11)
[0926/210755:INFO:CONSOLE(0)] "ERROR: Cannot insert node with id=undefined (text: Level 2.3) because another node with the same id already exists.," source: http://setting.local/w2ui.min.js(11)
[0926/210755:INFO:CONSOLE(0)] "ERROR: Cannot insert node with id=undefined (text: Level 2.3) because another node with the same id already exists.," source: http://setting.local/w2ui.min.js(11)
[0926/210755:INFO:CONSOLE(0)] "ERROR: Cannot insert node with id=undefined (text: Level 2.3) because another node with the same id already exists.," source: http://setting.local/w2ui.min.js(11)
[0926/210755:INFO:CONSOLE(0)] "ERROR: Cannot insert node with id=undefined (text: Level 2.3) because another node with the same id already exists.," source: http://setting.local/w2ui.min.js(11)
[0926/210755:INFO:CONSOLE(0)] "ERROR: Cannot insert node with id=undefined (text: Level 2.3) because another node with the same id already exists.," source: http://setting.local/w2ui.min.js(11)
[0926/210755:INFO:CONSOLE(0)] "ERROR: Cannot insert node with id=undefined (text: Level 2.3) because another node with the same id already exists.," source: http://setting.local/w2ui.min.js(11)
[0926/210755:INFO:CONSOLE(0)] "ERROR: Cannot insert node with id=undefined (text: Level 2.3) because another node with the same id already exists.," source: http://setting.local/w2ui.min.js(11)
[0926/210755:INFO:CONSOLE(0)] "ERROR: Cannot insert node with id=undefined (text: Level 2.3) because another node with the same id already exists.," source: http://setting.local/w2ui.min.js(11)
[0926/210755:INFO:CONSOLE(0)] "ERROR: Cannot insert node with id=undefined (text: Level 2.3) because another node with the same id already exists.," source: http://setting.local/w2ui.min.js(11)
[0926/210755:INFO:CONSOLE(0)] "ERROR: Cannot insert node with id=undefined (text: Level 2.3) because another node with the same id already exists.," source: http://setting.local/w2ui.min.js(11)
[0926/210755:INFO:CONSOLE(0)] "ERROR: Cannot insert node with id=undefined (text: Level 2.3) because another node with the same id already exists.," source: http://setting.local/w2ui.min.js(11)
[0926/210755:INFO:CONSOLE(0)] "ERROR: Cannot insert node with id=undefined (text: Level 2.3) because another node with the same id already exists.," source: http://setting.local/w2ui.min.js(11)
[0926/210755:INFO:CONSOLE(0)] "ERROR: Cannot insert node with id=undefined (text: Level 2.3) because another node with the same id already exists.," source: http://setting.local/w2ui.min.js(11)
[0926/210755:INFO:CONSOLE(0)] "ERROR: Cannot insert node with id=undefined (text: Level 2.3) because another node with the same id already exists.," source: http://setting.local/w2ui.min.js(11)
[0926/210755:INFO:CONSOLE(0)] "ERROR: Cannot insert node with id=undefined (text: Level 2.3) because another node with the same id already exists.," source: http://setting.local/w2ui.min.js(11)
[0926/210755:INFO:CONSOLE(0)] "ERROR: Cannot insert node with id=undefined (text: Level 2.3) because another node with the same id already exists.," source: http://setting.local/w2ui.min.js(11)
[0926/210755:INFO:CONSOLE(0)] "ERROR: Cannot insert node with id=undefined (text: Level 2.3) because another node with the same id already exists.," source: http://setting.local/w2ui.min.js(11)
[0926/210755:INFO:CONSOLE(0)] "ERROR: Cannot insert node with id=undefined (text: Level 2.3) because another node with the same id already exists.," source: http://setting.local/w2ui.min.js(11)
[0926/210755:INFO:CONSOLE(0)] "ERROR: Cannot insert node with id=undefined (text: Level 2.3) because another node with the same id already exists.," source: http://setting.local/w2ui.min.js(11)
[0926/210755:INFO:CONSOLE(0)] "ERROR: Cannot insert node with id=undefined (text: Level 2.3) because another node with the same id already exists.," source: http://setting.local/w2ui.min.js(11)
[0926/210755:INFO:CONSOLE(0)] "ERROR: Cannot insert node with id=undefined (text: Level 2.3) because another node with the same id already exists.," source: http://setting.local/w2ui.min.js(11)
[0926/210755:INFO:CONSOLE(0)] "ERROR: Cannot insert node with id=undefined (text: Level 2.3) because another node with the same id already exists.," source: http://setting.local/w2ui.min.js(11)
[0926/210755:INFO:CONSOLE(0)] "ERROR: Cannot insert node with id=undefined (text: Level 2.3) because another node with the same id already exists.," source: http://setting.local/w2ui.min.js(11)
[0926/210755:INFO:CONSOLE(0)] "ERROR: Cannot insert node with id=undefined (text: Level 2.3) because another node with the same id already exists.," source: http://setting.local/w2ui.min.js(11)
[0926/210755:INFO:CONSOLE(0)] "ERROR: Cannot insert node with id=undefined (text: Level 2.3) because another node with the same id already exists.," source: http://setting.local/w2ui.min.js(11)
[0926/210755:INFO:CONSOLE(0)] "ERROR: Cannot insert node with id=undefined (text: Level 2.3) because another node with the same id already exists.," source: http://setting.local/w2ui.min.js(11)
[0926/210755:INFO:CONSOLE(0)] "ERROR: Cannot insert node with id=undefined (text: Level 2.3) because another node with the same id already exists.," source: http://setting.local/w2ui.min.js(11)
[0926/210755:INFO:CONSOLE(0)] "ERROR: Cannot insert node with id=undefined (text: Level 2.3) because another node with the same id already exists.," source: http://setting.local/w2ui.min.js(11)
[0926/210755:INFO:CONSOLE(0)] "ERROR: Cannot insert node with id=undefined (text: Level 2.3) because another node with the same id already exists.," source: http://setting.local/w2ui.min.js(11)
[0926/210755:INFO:CONSOLE(0)] "ERROR: Cannot insert node with id=undefined (text: Level 2.3) because another node with the same id already exists.," source: http://setting.local/w2ui.min.js(11)
[0926/210755:INFO:CONSOLE(0)] "ERROR: Cannot insert node with id=undefined (text: Level 2.3) because another node with the same id already exists.," source: http://setting.local/w2ui.min.js(11)
[0926/210755:INFO:CONSOLE(0)] "ERROR: Cannot insert node with id=undefined (text: Level 2.3) because another node with the same id already exists.," source: http://setting.local/w2ui.min.js(11)
[0926/210755:INFO:CONSOLE(0)] "ERROR: Cannot insert node with id=undefined (text: Level 2.3) because another node with the same id already exists.," source: http://setting.local/w2ui.min.js(11)
[0926/210755:INFO:CONSOLE(0)] "ERROR: Cannot insert node with id=undefined (text: Level 2.3) because another node with the same id already exists.," source: http://setting.local/w2ui.min.js(11)
[0926/210755:INFO:CONSOLE(0)] "ERROR: Cannot insert node with id=undefined (text: Level 2.3) because another node with the same id already exists.," source: http://setting.local/w2ui.min.js(11)
[0926/210755:INFO:CONSOLE(0)] "ERROR: Cannot insert node with id=undefined (text: Level 2.3) because another node with the same id already exists.," source: http://setting.local/w2ui.min.js(11)
[0926/210755:INFO:CONSOLE(0)] "ERROR: Cannot insert node with id=undefined (text: Level 2.3) because another node with the same id already exists.," source: http://setting.local/w2ui.min.js(11)
[0926/210755:INFO:CONSOLE(0)] "ERROR: Cannot insert node with id=undefined (text: Level 2.3) because another node with the same id already exists.," source: http://setting.local/w2ui.min.js(11)
[0926/210755:INFO:CONSOLE(0)] "ERROR: Cannot insert node with id=undefined (text: Level 2.3) because another node with the same id already exists.," source: http://setting.local/w2ui.min.js(11)
[0926/210755:INFO:CONSOLE(0)] "ERROR: Cannot insert node with id=undefined (text: Level 2.3) because another node with the same id already exists.," source: http://setting.local/w2ui.min.js(11)
[0926/210755:INFO:CONSOLE(0)] "ERROR: Cannot insert node with id=undefined (text: Level 2.3) because another node with the same id already exists.," source: http://setting.local/w2ui.min.js(11)
[0926/210755:INFO:CONSOLE(0)] "ERROR: Cannot insert node with id=undefined (text: Level 2.3) because another node with the same id already exists.," source: http://setting.local/w2ui.min.js(11)
[0926/210755:INFO:CONSOLE(0)] "ERROR: Cannot insert node with id=undefined (text: Level 2.3) because another node with the same id already exists.," source: http://setting.local/w2ui.min.js(11)
[0926/210755:INFO:CONSOLE(0)] "ERROR: Cannot insert node with id=undefined (text: Level 2.3) because another node with the same id already exists.," source: http://setting.local/w2ui.min.js(11)
[0926/210755:INFO:CONSOLE(0)] "ERROR: Cannot insert node with id=undefined (text: Level 2.3) because another node with the same id already exists.," source: http://setting.local/w2ui.min.js(11)
[0926/210755:INFO:CONSOLE(0)] "ERROR: Cannot insert node with id=undefined (text: Level 2.3) because another node with the same id already exists.," source: http://setting.local/w2ui.min.js(11)
[0926/210755:INFO:CONSOLE(0)] "ERROR: Cannot insert node with id=undefined (text: Level 2.3) because another node with the same id already exists.," source: http://setting.local/w2ui.min.js(11)
[0926/210755:INFO:CONSOLE(0)] "ERROR: Cannot insert node with id=undefined (text: Level 2.3) because another node with the same id already exists.," source: http://setting.local/w2ui.min.js(11)
[0926/210755:INFO:CONSOLE(0)] "ERROR: Cannot insert node with id=undefined (text: Level 2.3) because another node with the same id already exists.," source: http://setting.local/w2ui.min.js(11)
[0926/210755:INFO:CONSOLE(0)] "ERROR: Cannot insert node with id=undefined (text: Level 2.3) because another node with the same id already exists.," source: http://setting.local/w2ui.min.js(11)
[0926/210755:INFO:CONSOLE(0)] "ERROR: Cannot insert node with id=undefined (text: Level 2.3) because another node with the same id already exists.," source: http://setting.local/w2ui.min.js(11)
[0926/210755:INFO:CONSOLE(0)] "ERROR: Cannot insert node with id=undefined (text: Level 2.3) because another node with the same id already exists.," source: http://setting.local/w2ui.min.js(11)
[0926/210755:INFO:CONSOLE(0)] "ERROR: Cannot insert node with id=undefined (text: Level 2.3) because another node with the same id already exists.," source: http://setting.local/w2ui.min.js(11)
[0926/210755:INFO:CONSOLE(0)] "ERROR: Cannot insert node with id=undefined (text: Level 2.3) because another node with the same id already exists.," source: http://setting.local/w2ui.min.js(11)
[0926/210755:INFO:CONSOLE(0)] "ERROR: Cannot insert node with id=undefined (text: Level 2.3) because another node with the same id already exists.," source: http://setting.local/w2ui.min.js(11)
[0926/210755:INFO:CONSOLE(0)] "ERROR: Cannot insert node with id=undefined (text: Level 2.3) because another node with the same id already exists.," source: http://setting.local/w2ui.min.js(11)
[0926/210755:INFO:CONSOLE(0)] "ERROR: Cannot insert node with id=undefined (text: Level 2.3) because another node with the same id already exists.," source: http://setting.local/w2ui.min.js(11)
[0926/210755:INFO:CONSOLE(0)] "ERROR: Cannot insert node with id=undefined (text: Level 2.3) because another node with the same id already exists.," source: http://setting.local/w2ui.min.js(11)
[0926/210755:INFO:CONSOLE(0)] "ERROR: Cannot insert node with id=undefined (text: Level 2.3) because another node with the same id already exists.," source: http://setting.local/w2ui.min.js(11)
[0926/210755:INFO:CONSOLE(0)] "ERROR: Cannot insert node with id=undefined (text: Level 2.3) because another node with the same id already exists.," source: http://setting.local/w2ui.min.js(11)
[0926/210755:INFO:CONSOLE(0)] "ERROR: Cannot insert node with id=undefined (text: Level 2.3) because another node with the same id already exists.," source: http://setting.local/w2ui.min.js(11)
[0926/210755:INFO:CONSOLE(0)] "ERROR: Cannot insert node with id=undefined (text: Level 2.3) because another node with the same id already exists.," source: http://setting.local/w2ui.min.js(11)
[0926/210755:INFO:CONSOLE(0)] "ERROR: Cannot insert node with id=undefined (text: Level 2.3) because another node with the same id already exists.," source: http://setting.local/w2ui.min.js(11)
[0926/210755:INFO:CONSOLE(0)] "ERROR: Cannot insert node with id=undefined (text: Level 2.3) because another node with the same id already exists.," source: http://setting.local/w2ui.min.js(11)
[0926/210755:INFO:CONSOLE(0)] "ERROR: Cannot insert node with id=undefined (text: Level 2.3) because another node with the same id already exists.," source: http://setting.local/w2ui.min.js(11)
[0926/210755:INFO:CONSOLE(0)] "ERROR: Cannot insert node with id=undefined (text: Level 2.3) because another node with the same id already exists.," source: http://setting.local/w2ui.min.js(11)
[0926/210755:INFO:CONSOLE(0)] "ERROR: Cannot insert node with id=undefined (text: Level 2.3) because another node with the same id already exists.," source: http://setting.local/w2ui.min.js(11)
[0926/210755:INFO:CONSOLE(0)] "ERROR: Cannot insert node with id=undefined (text: Level 2.3) because another node with the same id already exists.," source: http://setting.local/w2ui.min.js(11)
[0926/210755:INFO:CONSOLE(0)] "ERROR: Cannot insert node with id=undefined (text: Level 2.3) because another node with the same id already exists.," source: http://setting.local/w2ui.min.js(11)
[0926/210755:INFO:CONSOLE(0)] "ERROR: Cannot insert node with id=undefined (text: Level 2.3) because another node with the same id already exists.," source: http://setting.local/w2ui.min.js(11)
[0926/210755:INFO:CONSOLE(0)] "ERROR: Cannot insert node with id=undefined (text: Level 2.3) because another node with the same id already exists.," source: http://setting.local/w2ui.min.js(11)
[0926/210755:INFO:CONSOLE(0)] "ERROR: Cannot insert node with id=undefined (text: Level 2.3) because another node with the same id already exists.," source: http://setting.local/w2ui.min.js(11)
[0926/210755:INFO:CONSOLE(0)] "ERROR: Cannot insert node with id=undefined (text: Level 2.3) because another node with the same id already exists.," source: http://setting.local/w2ui.min.js(11)
[0926/211122:INFO:CONSOLE(0)] "ERROR: Cannot insert node with id=level-1 (text: Level 1) because another node with the same id already exists.," source: http://setting.local/w2ui.min.js(11)
[0926/211122:INFO:CONSOLE(0)] "ERROR: Cannot insert node with id=level-2 (text: Level 2) because another node with the same id already exists.," source: http://setting.local/w2ui.min.js(11)
[0926/211133:INFO:CONSOLE(0)] "ERROR: Cannot insert node with id=level-1 (text: Level 1) because another node with the same id already exists.," source: http://setting.local/w2ui.min.js(11)
[0926/211133:INFO:CONSOLE(0)] "ERROR: Cannot insert node with id=level-2 (text: Level 2) because another node with the same id already exists.," source: http://setting.local/w2ui.min.js(11)
[0926/211342:INFO:CONSOLE(0)] "ERROR: Cannot insert node with id=level-1 (text: Level 1) because another node with the same id already exists.," source: http://setting.local/w2ui.min.js(11)
[0926/211342:INFO:CONSOLE(0)] "ERROR: Cannot insert node with id=level-2 (text: Level 2) because another node with the same id already exists.," source: http://setting.local/w2ui.min.js(11)
[0926/211345:INFO:CONSOLE(0)] "ERROR: Cannot insert node with id=level-1 (text: Level 1) because another node with the same id already exists.," source: http://setting.local/w2ui.min.js(11)
[0926/211345:INFO:CONSOLE(0)] "ERROR: Cannot insert node with id=level-2 (text: Level 2) because another node with the same id already exists.," source: http://setting.local/w2ui.min.js(11)
[0926/211506:INFO:CONSOLE(0)] "ERROR: Cannot insert node with id=level-1 (text: Level 1) because another node with the same id already exists.," source: http://setting.local/w2ui.min.js(11)
[0926/211506:INFO:CONSOLE(0)] "ERROR: Cannot insert node with id=level-2 (text: Level 2) because another node with the same id already exists.," source: http://setting.local/w2ui.min.js(11)
[0926/211510:INFO:CONSOLE(0)] "ERROR: Cannot insert node with id=level-1 (text: Level 1) because another node with the same id already exists.," source: http://setting.local/w2ui.min.js(11)
[0926/211510:INFO:CONSOLE(0)] "ERROR: Cannot insert node with id=level-2 (text: Level 2) because another node with the same id already exists.," source: http://setting.local/w2ui.min.js(11)
[0926/211513:INFO:CONSOLE(0)] "ERROR: Cannot insert node with id=level-1 (text: Level 1) because another node with the same id already exists.," source: http://setting.local/w2ui.min.js(11)
[0926/211513:INFO:CONSOLE(0)] "ERROR: Cannot insert node with id=level-2 (text: Level 2) because another node with the same id already exists.," source: http://setting.local/w2ui.min.js(11)
[0926/211556:INFO:CONSOLE(0)] "ERROR: Cannot insert node with id=level-1 (text: Level 1) because another node with the same id already exists.," source: http://setting.local/w2ui.min.js(11)
[0926/211556:INFO:CONSOLE(0)] "ERROR: Cannot insert node with id=level-2 (text: Level 2) because another node with the same id already exists.," source: http://setting.local/w2ui.min.js(11)
[0926/211624:INFO:CONSOLE(0)] "ERROR: Cannot insert node with id=level-1 (text: Level 1) because another node with the same id already exists.," source: http://setting.local/w2ui.min.js(11)
[0926/211624:INFO:CONSOLE(0)] "ERROR: Cannot insert node with id=level-2 (text: Level 2) because another node with the same id already exists.," source: http://setting.local/w2ui.min.js(11)
[0926/212016:INFO:CONSOLE(0)] "ERROR: Cannot insert node with id=level-1 (text: Level 1) because another node with the same id already exists.," source: http://setting.local/w2ui.min.js(11)
[0926/212016:INFO:CONSOLE(0)] "ERROR: Cannot insert node with id=level-2 (text: Level 2) because another node with the same id already exists.," source: http://setting.local/w2ui.min.js(11)
[0926/213242:INFO:CONSOLE(0)] "Uncaught TypeError: Cannot convert null to object," source: https://translate.google.com/translate/releases/twsfe_w_20180917_RC02/r/js/desktop_module_main.js(843)
[0927/061101:INFO:CONSOLE(0)] "Uncaught TypeError: Cannot convert null to object," source: https://translate.google.com/translate/releases/twsfe_w_20180924_RC02/r/js/desktop_module_main.js(845)
[0927/061954:INFO:CONSOLE(0)] "Last Event: focus Target: sidebar," source: http://setting.local/(62)
[0927/061954:INFO:CONSOLE(0)] "[object Object]," source: http://setting.local/(63)
[0927/061954:INFO:CONSOLE(0)] "Last Event: click Target: http://w2ui.com/web/demos/#!layout/layout-1," source: http://setting.local/(62)
[0927/061954:INFO:CONSOLE(0)] "[object Object]," source: http://setting.local/(63)
[0927/200527:INFO:CONSOLE(0)] "Last Event: focus Target: sidebar," source: http://setting.local/(61)
[0927/200527:INFO:CONSOLE(0)] "Last Event: click Target: https://translate.google.com/#en/vi/hello," source: http://setting.local/(61)
[0927/200533:INFO:CONSOLE(0)] "Last Event: click Target: https://vnexpress.net," source: http://setting.local/(61)
[0927/200534:INFO:CONSOLE(0)] "Last Event: click Target: https://vnexpress.net," source: http://setting.local/(61)
[0927/200535:INFO:CONSOLE(0)] "Last Event: dblClick Target: https://vnexpress.net," source: http://setting.local/(61)
[0927/200535:INFO:CONSOLE(0)] "Last Event: click Target: https://vnexpress.net," source: http://setting.local/(61)
[0927/200535:INFO:CONSOLE(0)] "Last Event: click Target: https://vnexpress.net," source: http://setting.local/(61)
[0927/200535:INFO:CONSOLE(0)] "Last Event: click Target: https://vnexpress.net," source: http://setting.local/(61)
[0927/200538:INFO:CONSOLE(0)] "Last Event: blur Target: sidebar," source: http://setting.local/(61)
[0927/200556:INFO:CONSOLE(0)] "Last Event: focus Target: sidebar," source: http://setting.local/(61)
[0927/200556:INFO:CONSOLE(0)] "Last Event: click Target: https://vnexpress.net," source: http://setting.local/(61)
[0927/200607:INFO:CONSOLE(0)] "Last Event: click Target: https://vnexpress.net," source: http://setting.local/(61)
[0927/200617:INFO:CONSOLE(0)] "Last Event: blur Target: sidebar," source: http://setting.local/(61)
[0927/202301:INFO:CONSOLE(0)] "{"cmd":"browser","url":"https://vnexpress.net"}," source: http://setting.local/(63)
[0927/202304:INFO:CONSOLE(0)] "Uncaught TypeError: Cannot set property 'className' of null," source: https://vnexpress.net/(2)
[0927/202317:INFO:CONSOLE(0)] "loadIm3Script," source: https://s.vnecdn.net/vnexpress/restruct/j/v155/v2/helper/embed.js(48)
[0927/202317:INFO:CONSOLE(0)] "video init," source: https://s.vnecdn.net/vnexpress/restruct/j/v155/v2/helper/embed.js(51)
[0927/202317:INFO:CONSOLE(0)] "fplayer init," source: https://s.vnecdn.net/vnexpress/restruct/j/v155/v2/helper/embed.js(12)
[0927/202320:INFO:CONSOLE(0)] "1111," source: https://s.vnecdn.net/vnexpress/restruct/j/v155/v2/helper/general.js(1)
[0927/202320:INFO:CONSOLE(0)] "null," source: https://s.vnecdn.net/vnexpress/restruct/j/v155/v2/helper/thirdparty/thirdparty.js(1)
[0927/202328:INFO:CONSOLE(0)] "1111," source: https://s.vnecdn.net/vnexpress/restruct/j/v155/v2/helper/general.js(1)
[0927/202332:INFO:CONSOLE(0)] "fplayer init," source: https://s.vnecdn.net/vnexpress/restruct/j/v155/v2/helper/embed.js(12)
[0927/202335:INFO:CONSOLE(0)] "1111," source: https://s.vnecdn.net/vnexpress/restruct/j/v155/v2/helper/general.js(1)
[0927/204113:INFO:CONSOLE(0)] "{"cmd":"browser","url":"https://vnexpress.net"}," source: http://setting.local/(63)
[0927/205728:INFO:CONSOLE(0)] "{"cmd":"browser","url":"https://vnexpress.net"}," source: http://setting.local/(63)
[0927/205750:INFO:CONSOLE(0)] "{"cmd":"browser","url":"https://vnexpress.net"}," source: http://setting.local/(63)
[0927/205832:INFO:CONSOLE(0)] "{"cmd":"browser","url":"https://vnexpress.net"}," source: http://setting.local/(63)
[0927/205945:INFO:CONSOLE(0)] "{"cmd":"browser","url":"https://vnexpress.net"}," source: http://setting.local/(63)
[0927/210008:INFO:CONSOLE(0)] "{"cmd":"browser","url":"https://vnexpress.net"}," source: http://setting.local/(63)
[0927/212031:INFO:CONSOLE(0)] "{"cmd":"browser","url":"https://vnexpress.net"}," source: http://setting.local/(63)
[0927/212836:INFO:CONSOLE(0)] "{"cmd":"browser","url":"https://vnexpress.net"}," source: http://setting.local/(63)
[0927/212911:INFO:CONSOLE(0)] "{"cmd":"browser","url":"https://vnexpress.net"}," source: http://setting.local/(63)
[0927/213221:INFO:CONSOLE(0)] "{"cmd":"browser","url":"https://vnexpress.net"}," source: http://setting.local/(63)
[0927/213229:INFO:CONSOLE(0)] "{"cmd":"browser","url":"https://vnexpress.net"}," source: http://setting.local/(63)
[0927/213229:INFO:CONSOLE(0)] "{"cmd":"browser","url":"https://vnexpress.net"}," source: http://setting.local/(63)
[0927/213229:INFO:CONSOLE(0)] "{"cmd":"browser","url":"https://vnexpress.net"}," source: http://setting.local/(63)
[0927/213229:INFO:CONSOLE(0)] "{"cmd":"browser","url":"https://vnexpress.net"}," source: http://setting.local/(63)
[0927/213304:INFO:CONSOLE(0)] "{"cmd":"browser","url":"https://vnexpress.net"}," source: http://setting.local/(63)
[0927/220214:INFO:CONSOLE(0)] "{"cmd":"browser","url":"https://vnexpress.net"}," source: http://setting.local/(63)
[0927/222016:INFO:CONSOLE(0)] "{"cmd":"browser","url":"https://vnexpress.net"}," source: http://setting.local/(63)
[0927/222132:INFO:CONSOLE(0)] "{"cmd":"browser","url":"https://vnexpress.net"}," source: http://setting.local/(63)
[0927/222153:INFO:CONSOLE(0)] "Uncaught Error: SECURITY_ERR: DOM Exception 18," source: http://cache.local/?key=https://vnexpress.net(64)
[0927/222158:INFO:CONSOLE(0)] "Uncaught TypeError: Cannot set property 'className' of null," source: http://cache.local/?key=https://vnexpress.net(2)
[0927/222213:INFO:CONSOLE(0)] "loadIm3Script," source: https://s.vnecdn.net/vnexpress/restruct/j/v155/v2/helper/embed.js(48)
[0927/222213:INFO:CONSOLE(0)] "video init," source: https://s.vnecdn.net/vnexpress/restruct/j/v155/v2/helper/embed.js(51)
[0927/222216:INFO:CONSOLE(0)] "fplayer init," source: https://s.vnecdn.net/vnexpress/restruct/j/v155/v2/helper/embed.js(12)
[0927/222222:INFO:CONSOLE(0)] "1111," source: https://s.vnecdn.net/vnexpress/restruct/j/v155/v2/helper/general.js(1)
[0927/222323:INFO:CONSOLE(0)] "{"cmd":"browser","url":"https://vnexpress.net"}," source: http://setting.local/(63)
[0927/222323:INFO:CONSOLE(0)] "{"cmd":"browser","url":"https://vnexpress.net"}," source: http://setting.local/(63)
[0927/222324:INFO:CONSOLE(0)] "Uncaught Error: SECURITY_ERR: DOM Exception 18," source: http://cache.local/?key=https://vnexpress.net(64)
[0927/222328:INFO:CONSOLE(0)] "Uncaught TypeError: Cannot set property 'className' of null," source: http://cache.local/?key=https://vnexpress.net(2)
[0927/222342:INFO:CONSOLE(0)] "loadIm3Script," source: https://s.vnecdn.net/vnexpress/restruct/j/v155/v2/helper/embed.js(48)
[0927/222343:INFO:CONSOLE(0)] "video init," source: https://s.vnecdn.net/vnexpress/restruct/j/v155/v2/helper/embed.js(51)
[0927/222345:INFO:CONSOLE(0)] "fplayer init," source: https://s.vnecdn.net/vnexpress/restruct/j/v155/v2/helper/embed.js(12)
[0927/222353:INFO:CONSOLE(0)] "1111," source: https://s.vnecdn.net/vnexpress/restruct/j/v155/v2/helper/general.js(1)
[0927/223837:INFO:CONSOLE(0)] "{"cmd":"browser","url":"https://vnexpress.net"}," source: http://setting.local/(63)
[0927/224240:INFO:CONSOLE(0)] "{"cmd":"browser","url":"https://vnexpress.net"}," source: http://setting.local/(63)
[0927/224717:INFO:CONSOLE(0)] "{"cmd":"browser","url":"https://vnexpress.net"}," source: http://setting.local/(63)
[0927/224924:INFO:CONSOLE(0)] "Uncaught TypeError: Cannot set property 'className' of null," source: https://vnexpress.net/tin-tuc/thoi-su/sat-roi-tu-cong-trinh-o-ha-noi-lam-chet-mot-nguoi-di-duong-3816099.html(2)
[0927/224925:INFO:CONSOLE(0)] "Unsafe JavaScript attempt to access frame with URL https://vnexpress.net/widget/category/id/1001002/type/1?cate_refer=1001005 from frame with URL https://vnexpress.net/tin-tuc/thoi-su/sat-roi-tu-cong-trinh-o-ha-noi-lam-chet-mot-nguoi-di-duong-3816099.html. Domains, protocols and ports must match.
," source: (1)
[0927/224929:INFO:CONSOLE(0)] "div-gpt-ad-1533713290952-0," source: https://s.eclick.vn/delivery/dfp/ads.js(6)
[0927/224929:INFO:CONSOLE(0)] "Unsafe JavaScript attempt to access frame with URL https://vnexpress.net/widget/category/id/1001002/type/1?cate_refer=1001005 from frame with URL https://vnexpress.net/tin-tuc/thoi-su/sat-roi-tu-cong-trinh-o-ha-noi-lam-chet-mot-nguoi-di-duong-3816099.html. Domains, protocols and ports must match.
," source: (1)
[0927/224929:INFO:CONSOLE(0)] "Unsafe JavaScript attempt to access frame with URL https://s.eclick.vn/delivery/e_lookup.html from frame with URL https://vnexpress.net/tin-tuc/thoi-su/sat-roi-tu-cong-trinh-o-ha-noi-lam-chet-mot-nguoi-di-duong-3816099.html. Domains, protocols and ports must match.
," source: (1)
[0927/224931:INFO:CONSOLE(0)] "loadIm3Script," source: https://s.vnecdn.net/vnexpress/restruct/j/v155/v2/helper/embed.js(48)
[0927/224932:INFO:CONSOLE(0)] "video init," source: https://s.vnecdn.net/vnexpress/restruct/j/v155/v2/helper/embed.js(51)
[0927/224933:INFO:CONSOLE(0)] "fplayer init," source: https://s.vnecdn.net/vnexpress/restruct/j/v155/v2/helper/embed.js(12)
[0927/224933:INFO:CONSOLE(0)] "null," source: https://s.vnecdn.net/vnexpress/restruct/j/v155/v2/helper/thirdparty/thirdparty.js(1)
[0927/224933:INFO:CONSOLE(0)] "fplayer init," source: https://s.vnecdn.net/vnexpress/restruct/j/v155/v2/helper/embed.js(12)
[0927/225209:INFO:CONSOLE(0)] "Unsafe JavaScript attempt to access frame with URL https://vnexpress.net/tin-tuc/thoi-su/sat-roi-tu-cong-trinh-o-ha-noi-lam-chet-mot-nguoi-di-duong-3816099.html from frame with URL https://video.vnexpress.net/trackingvideo.php?s=38&se=38&c=1003004&a=3816115. Domains, protocols and ports must match.
," source: (1)
[0927/225209:INFO:CONSOLE(0)] "Unsafe JavaScript attempt to access frame with URL https://video.vnexpress.net/parser_1.html?id=222004&t=2&s=1000000&ae=3816099&ao=3816115&lc=1&dr=71&ads=0&rt=0 from frame with URL https://video.vnexpress.net/trackingvideo.php?s=38&se=38&c=1003004&a=3816115. Domains, protocols and ports must match.
," source: (1)
[0927/225213:INFO:CONSOLE(0)] "Uncaught TypeError: Cannot set property 'className' of null," source: https://video.vnexpress.net/parser_1.html?id=222004&t=2&s=1000000&ae=3816099&ao=3816115&lc=1&dr=71&ads=0&rt=0(2)
[0927/225543:INFO:CONSOLE(0)] "{"cmd":"browser","url":"https://vnexpress.net"}," source: http://setting.local/(63)
[0927/225614:INFO:CONSOLE(0)] "{"cmd":"browser","url":"https://vnexpress.net"}," source: http://setting.local/(63)
[0927/225614:INFO:CONSOLE(0)] "{"cmd":"browser","url":"https://vnexpress.net"}," source: http://setting.local/(63)
